[14:45:43.06] /r giWindowId 0
[14:45:43.06] /r giWindowGeometry 600x300
[14:45:43.07] /o 
              /c                                 Custom Compiler 
              /c 
              /c               Version P-2019.06-SP1-7 for linux64 - Feb 13, 2020 
              /c 
              /c                     Copyright (c) 2004 - 2020 Synopsys, Inc.
              /c    This software and the associated documentation are proprietary to Synopsys,
              /c  Inc. This software may only be used in accordance with the terms and conditions
              /c  of a written license agreement with Synopsys, Inc. All other use, reproduction,
              /c             or distribution of this software is strictly prohibited.
              /c 
              /c Build  (OPT) Config 5329942 compiled on Thu Feb 13 14:05:50 2020 for RHEL64 6.6
              /c Invocation: /DCNFS/applications/synopsys/2019/app/customcompiler/P-2019.06-SP1-7/linux64/platform/bin/custom_compiler
              /c Execution time: Mon Apr  3 14:45:41 2023
              /c Host: linux400509
              /c Working directory: /DCNFS/users/student/mpang/ELEN153
              /c 
[14:45:45.71] /r giShowFrameTabs true
[14:45:45.72] /r giWindowId 1
[14:45:45.72] /r giWindowGeometry 1040x800
[14:46:08.09] /i db::setAttr geometry -of [gi::getFrames 1] -value 1040x824+439+123
[14:46:10.13] /# gi::pressButton {/scroll/scrollArea/scrollAreaInnerWidget/applications/dmLibraryManager} -in [gi::getWindows 1]
[14:46:10.13] /# 
[14:46:10.26] /# gi::pressButton {/scroll/scrollArea/scrollAreaInnerWidget/applications/dmLibraryManager} -in [gi::getWindows 1]
[14:46:10.26] /# 
[14:46:10.43] /i dm::showLibraryManager
[14:46:10.43] /r giWindowId 2
[14:46:10.43] /r giWindowGeometry 660x600+50+76
[14:46:10.45] /o oa:0x21bbe5a0
[14:46:11.72] /i gi::setCurrentIndex {libs} -index {SAED_PDK_90} -in [gi::getWindows 2]
[14:46:11.75] /i gi::setItemSelection {libs} -index {SAED_PDK_90} -in [gi::getWindows 2]
[14:46:15.66] /i exit
[14:46:15.68] /r giDialog gi::setActiveDialog [gi::getDialogs {deExitDialog} -parent [gi::getWindows 2]]
[14:46:15.96] /r giDialog db::setAttr geometry -of [gi::getDialogs {deExitDialog} -parent [gi::getWindows 2]] -value 419x207+740+380
[14:46:17.96] /r giDialog gi::pressButton {ok} -in [gi::getDialogs {deExitDialog} -parent [gi::getWindows 2]]
[14:46:18.30] /o Shutdown time: Mon Apr  3 14:46:18 2023
[14:46:18.30] /o Elapsed session real time: 0.58 minutes
[14:46:18.30] /o Session terminated. Log is at /DCNFS/users/student/mpang/ELEN153/synopsys_custom/logs/ccompiler.mpang.2023_4_3_144541_5028.log
