[14:41:58.85] /r giWindowId 0
[14:41:58.85] /r giWindowGeometry 600x300
[14:41:58.86] /o 
              /c                                 Custom Compiler 
              /c 
              /c               Version P-2019.06-SP1-7 for linux64 - Feb 13, 2020 
              /c 
              /c                     Copyright (c) 2004 - 2020 Synopsys, Inc.
              /c    This software and the associated documentation are proprietary to Synopsys,
              /c  Inc. This software may only be used in accordance with the terms and conditions
              /c  of a written license agreement with Synopsys, Inc. All other use, reproduction,
              /c             or distribution of this software is strictly prohibited.
              /c 
              /c Build  (OPT) Config 5329942 compiled on Thu Feb 13 14:05:50 2020 for RHEL64 6.6
              /c Invocation: /DCNFS/applications/synopsys/2019/app/customcompiler/P-2019.06-SP1-7/linux64/platform/bin/custom_compiler
              /c Execution time: Mon Apr  3 14:41:56 2023
              /c Host: linux400509
              /c Working directory: /DCNFS/users/student/mpang/Tutorial
              /c 
[14:42:03.27] /r giShowFrameTabs true
[14:42:03.27] /r giWindowId 1
[14:42:03.28] /r giWindowGeometry 1040x800
[14:44:59.46] /i exit
[14:44:59.50] /r giDialog gi::setActiveDialog [gi::getDialogs {deExitDialog} -parent [gi::getWindows 1]]
[14:44:59.78] /r giDialog db::setAttr geometry -of [gi::getDialogs {deExitDialog} -parent [gi::getWindows 1]] -value 419x207+740+373
[14:45:00.98] /r giDialog gi::pressButton {ok} -in [gi::getDialogs {deExitDialog} -parent [gi::getWindows 1]]
[14:45:01.31] /o Shutdown time: Mon Apr  3 14:45:01 2023
[14:45:01.31] /o Elapsed session real time: 3.05 minutes
[14:45:01.31] /o Session terminated. Log is at /DCNFS/users/student/mpang/Tutorial/synopsys_custom/logs/ccompiler.mpang.2023_4_3_144156_3790.log
