[14:10:36.98] /r giWindowId 0
[14:10:36.98] /r giWindowGeometry 600x300
[14:10:36.98] /o 
              /c                                 Custom Compiler 
              /c 
              /c               Version P-2019.06-SP1-7 for linux64 - Feb 13, 2020 
              /c 
              /c                     Copyright (c) 2004 - 2020 Synopsys, Inc.
              /c    This software and the associated documentation are proprietary to Synopsys,
              /c  Inc. This software may only be used in accordance with the terms and conditions
              /c  of a written license agreement with Synopsys, Inc. All other use, reproduction,
              /c             or distribution of this software is strictly prohibited.
              /c 
              /c Build  (OPT) Config 5329942 compiled on Thu Feb 13 14:05:50 2020 for RHEL64 6.6
              /c Invocation: /DCNFS/applications/synopsys/2019/app/customcompiler/P-2019.06-SP1-7/linux64/platform/bin/custom_compiler
              /c Execution time: Mon May 15 14:10:35 2023
              /c Host: linux400512
              /c Working directory: /DCNFS/users/student/mpang/ELEN153
              /c 
[14:10:39.77] /r giShowFrameTabs true
[14:10:39.77] /r giWindowId 1
[14:10:39.77] /r giWindowGeometry 1040x800
[14:10:44.00] /# gi::pressButton {/scroll/scrollArea/scrollAreaInnerWidget/applications/dmLibraryManager} -in [gi::getWindows 1]
[14:10:44.01] /# 
[14:10:44.31] /i dm::showLibraryManager
[14:10:44.31] /r giWindowId 2
[14:10:44.31] /r giWindowGeometry 660x600+50+76
[14:10:44.34] /o oa:0x20345dd0
[14:14:59.53] /i gi::setCurrentIndex {libs} -index {lab4} -in [gi::getWindows 2]
[14:14:59.55] /i gi::setItemSelection {libs} -index {lab4} -in [gi::getWindows 2]
[14:15:00.87] /i gi::setCurrentIndex {cells} -index {NMOS} -in [gi::getWindows 2]
[14:15:00.93] /i gi::setItemSelection {cells} -index {NMOS} -in [gi::getWindows 2]
[14:15:02.26] /i gi::setCurrentIndex {views} -index {layout} -in [gi::getWindows 2]
[14:15:02.27] /i gi::setItemSelection {views} -index {layout} -in [gi::getWindows 2]
[14:15:03.05] /i gi::setItemSelection {cells} -index {} -in [gi::getWindows 2]
[14:15:03.74] /i gi::setCurrentIndex {cells} -index {XNOR2} -in [gi::getWindows 2]
[14:15:03.77] /i gi::setItemSelection {cells} -index {XNOR2} -in [gi::getWindows 2]
[14:15:05.14] /i gi::setCurrentIndex {views} -index {schematic} -in [gi::getWindows 2]
[14:15:05.16] /i gi::setItemSelection {views} -index {schematic} -in [gi::getWindows 2]
[14:15:05.30] /i gi::executeAction {dmOpen} -in [gi::getWindows 2]
[14:15:05.37] /o 	############################################
[14:15:05.37] /o 	        Synopsys Generic 90nm iPDK          
[14:15:05.37] /o 	--------------------------------------------
[14:15:05.37] /o 	Release Date .............. : 11-May-2016    
[14:15:05.37] /o 	============================================
[14:15:05.37] /o 	        Recommended Tool Versions           
[14:15:05.37] /o 	--------------------------------------------
[14:15:05.37] /o 	Custom Designer ........... : J-2014.12-2    
[14:15:05.37] /o 	IC Validator .............. : K-2015.12   
[14:15:05.37] /o 	StarRC..................... : K-2015.12  
[14:15:05.37] /o 	--------------------------------------------
[14:15:05.37] /o 	############################################
[14:15:05.37] /o 
[14:15:05.41] /o SAED PDK 90: Loaded callbacks
[14:15:05.42] /o SAED PDK 90: Loaded display resources
[14:15:05.48] /m Information: License 'MTM' checked out. (LICENSE-003)
[14:15:05.73] /r giWindowId 3
[14:15:05.73] /r giWindowGeometry 1632x926
[14:15:07.37] /i gi::setActiveWindow 2
[14:15:07.37] /i gi::setActiveWindow 2 -raise true
[14:15:08.28] /i gi::setCurrentIndex {cells} -index {NMOS} -in [gi::getWindows 2]
[14:15:08.36] /i gi::setItemSelection {cells} -index {NMOS} -in [gi::getWindows 2]
[14:15:08.82] /i gi::setCurrentIndex {cells} -index {XNOR} -in [gi::getWindows 2]
[14:15:08.85] /i gi::setItemSelection {cells} -index {XNOR} -in [gi::getWindows 2]
[14:15:09.68] /i gi::setCurrentIndex {views} -index {schematic} -in [gi::getWindows 2]
[14:15:09.70] /i gi::setItemSelection {views} -index {schematic} -in [gi::getWindows 2]
[14:15:10.44] /i gi::setCurrentIndex {views} -index {symbol} -in [gi::getWindows 2]
[14:15:10.46] /i gi::setItemSelection {views} -index {symbol} -in [gi::getWindows 2]
[14:15:11.32] /i gi::setCurrentIndex {views} -index {schematic} -in [gi::getWindows 2]
[14:15:11.33] /i gi::setItemSelection {views} -index {schematic} -in [gi::getWindows 2]
[14:15:11.90] /i gi::executeAction {dmOpen} -in [gi::getWindows 2]
[14:15:12.01] /r giWindowId 4
[14:15:12.02] /r giWindowGeometry 1632x926
[14:16:54.81] /i gi::executeAction giCloseWindow -in [gi::getWindows 4]
[14:16:55.28] /i gi::executeAction giCloseWindow -in [gi::getWindows 3]
[14:16:57.93] /i gi::setItemSelection {cells} -index {} -in [gi::getWindows 2]
[14:16:59.15] /i gi::executeAction {dmRefreshLibs} -in [gi::getWindows 2]
[14:16:59.15] /# dm::refreshLibs; dm::refreshLibraryManager
[14:16:59.36] /# gi::setItemSelection {libs} -index {} -in [gi::getWindows 2]
[14:16:59.37] /# gi::setItemSelection {libs} -index {lab4} -in [gi::getWindows 2]
[14:16:59.37] /# gi::setItemSelection {cellCategories} -index {} -in [gi::getWindows 2]
[14:16:59.37] /# gi::setItemSelection {cellCategories} -index {All} -in [gi::getWindows 2]
[14:16:59.37] /i gi::executeAction {dmRefreshLibs} -in [gi::getWindows 2]
[14:16:59.37] /# dm::refreshLibs; dm::refreshLibraryManager
[14:16:59.53] /# gi::setItemSelection {libs} -index {} -in [gi::getWindows 2]
[14:16:59.54] /# gi::setItemSelection {libs} -index {lab4} -in [gi::getWindows 2]
[14:16:59.54] /# gi::setItemSelection {cellCategories} -index {} -in [gi::getWindows 2]
[14:16:59.54] /# gi::setItemSelection {cellCategories} -index {All} -in [gi::getWindows 2]
[14:16:59.55] /i gi::executeAction {dmRefreshLibs} -in [gi::getWindows 2]
[14:16:59.55] /# dm::refreshLibs; dm::refreshLibraryManager
[14:16:59.71] /# gi::setItemSelection {libs} -index {} -in [gi::getWindows 2]
[14:16:59.72] /# gi::setItemSelection {libs} -index {lab4} -in [gi::getWindows 2]
[14:16:59.72] /# gi::setItemSelection {cellCategories} -index {} -in [gi::getWindows 2]
[14:16:59.72] /# gi::setItemSelection {cellCategories} -index {All} -in [gi::getWindows 2]
[14:17:00.33] /i gi::executeAction {dmRefreshLibs} -in [gi::getWindows 2]
[14:17:00.33] /# dm::refreshLibs; dm::refreshLibraryManager
[14:17:00.51] /# gi::setItemSelection {libs} -index {} -in [gi::getWindows 2]
[14:17:00.51] /# gi::setItemSelection {libs} -index {lab4} -in [gi::getWindows 2]
[14:17:00.51] /# gi::setItemSelection {cellCategories} -index {} -in [gi::getWindows 2]
[14:17:00.51] /# gi::setItemSelection {cellCategories} -index {All} -in [gi::getWindows 2]
[14:17:00.51] /i gi::executeAction {dmRefreshLibs} -in [gi::getWindows 2]
[14:17:00.51] /# dm::refreshLibs; dm::refreshLibraryManager
[14:17:00.68] /# gi::setItemSelection {libs} -index {} -in [gi::getWindows 2]
[14:17:00.68] /# gi::setItemSelection {libs} -index {lab4} -in [gi::getWindows 2]
[14:17:00.68] /# gi::setItemSelection {cellCategories} -index {} -in [gi::getWindows 2]
[14:17:00.68] /# gi::setItemSelection {cellCategories} -index {All} -in [gi::getWindows 2]
[14:17:00.69] /i gi::executeAction {dmRefreshLibs} -in [gi::getWindows 2]
[14:17:00.69] /# dm::refreshLibs; dm::refreshLibraryManager
[14:17:00.85] /# gi::setItemSelection {libs} -index {} -in [gi::getWindows 2]
[14:17:00.85] /# gi::setItemSelection {libs} -index {lab4} -in [gi::getWindows 2]
[14:17:00.85] /# gi::setItemSelection {cellCategories} -index {} -in [gi::getWindows 2]
[14:17:00.85] /# gi::setItemSelection {cellCategories} -index {All} -in [gi::getWindows 2]
[14:17:08.86] /i gi::setCurrentIndex {libs} -index {Inverter} -in [gi::getWindows 2]
[14:17:08.88] /i gi::setItemSelection {libs} -index {Inverter} -in [gi::getWindows 2]
[14:17:14.86] /i gi::setCurrentIndex {cells} -index {CMOS_Working} -in [gi::getWindows 2]
[14:17:14.90] /i gi::setItemSelection {cells} -index {CMOS_Working} -in [gi::getWindows 2]
[14:17:15.60] /i gi::setCurrentIndex {cells} -index {testbench_CMOS} -in [gi::getWindows 2]
[14:17:15.65] /i gi::setItemSelection {cells} -index {testbench_CMOS} -in [gi::getWindows 2]
[14:17:16.50] /i gi::setCurrentIndex {cells} -index {CMOS_Working} -in [gi::getWindows 2]
[14:17:16.54] /i gi::setItemSelection {cells} -index {CMOS_Working} -in [gi::getWindows 2]
[14:17:25.31] /i gi::setCurrentIndex {cells} -index {testbench_CMOS} -in [gi::getWindows 2]
[14:17:25.36] /i gi::setItemSelection {cells} -index {testbench_CMOS} -in [gi::getWindows 2]
[14:17:26.02] /i gi::setCurrentIndex {cells} -index {CMOS_Working} -in [gi::getWindows 2]
[14:17:26.07] /i gi::setItemSelection {cells} -index {CMOS_Working} -in [gi::getWindows 2]
[14:17:26.48] /i gi::setCurrentIndex {cells} -index {testbench_CMOS} -in [gi::getWindows 2]
[14:17:26.52] /i gi::setItemSelection {cells} -index {testbench_CMOS} -in [gi::getWindows 2]
[14:17:26.99] /i gi::setCurrentIndex {cellCategories} -index {All} -in [gi::getWindows 2]
[14:17:27.38] /i gi::setCurrentIndex {cellCategories} -index {Uncategorized} -in [gi::getWindows 2]
[14:17:27.39] /i gi::setItemSelection {cellCategories} -index {Uncategorized} -in [gi::getWindows 2]
[14:17:27.77] /i gi::setCurrentIndex {cells} -index {CMOS_Working} -in [gi::getWindows 2]
[14:17:27.81] /i gi::setItemSelection {cells} -index {CMOS_Working} -in [gi::getWindows 2]
[14:17:28.19] /i gi::setCurrentIndex {cells} -index {testbench_CMOS} -in [gi::getWindows 2]
[14:17:28.23] /i gi::setItemSelection {cells} -index {testbench_CMOS} -in [gi::getWindows 2]
[14:18:14.79] /i gi::setItemSelection {cells} -index {} -in [gi::getWindows 2]
[14:18:17.76] /i gi::sortItems {cells} -column {Cells} -order {descending} -in [gi::getWindows 2]
[14:18:18.33] /i gi::setItemSelection {cells} -index {testbench_CMOS} -in [gi::getWindows 2]
[14:18:18.94] /i gi::setCurrentIndex {cells} -index {CMOS_Working} -in [gi::getWindows 2]
[14:18:18.99] /i gi::setItemSelection {cells} -index {CMOS_Working} -in [gi::getWindows 2]
[14:18:20.62] /i gi::setCurrentIndex {cells} -index {testbench_CMOS} -in [gi::getWindows 2]
[14:18:20.66] /i gi::setItemSelection {cells} -index {testbench_CMOS} -in [gi::getWindows 2]
[14:18:21.21] /i gi::setCurrentIndex {cellCategories} -index {All} -in [gi::getWindows 2]
[14:18:21.22] /i gi::setItemSelection {cellCategories} -index {All} -in [gi::getWindows 2]
[14:18:21.68] /i gi::setCurrentIndex {cells} -index {CMOS_Working} -in [gi::getWindows 2]
[14:18:21.72] /i gi::setItemSelection {cells} -index {CMOS_Working} -in [gi::getWindows 2]
[14:18:22.35] /i gi::setCurrentIndex {cells} -index {testbench_CMOS} -in [gi::getWindows 2]
[14:18:22.39] /i gi::setItemSelection {cells} -index {testbench_CMOS} -in [gi::getWindows 2]
[14:18:23.97] /i gi::setCurrentIndex {cells} -index {CMOS_Working} -in [gi::getWindows 2]
[14:18:24.01] /i gi::setItemSelection {cells} -index {CMOS_Working} -in [gi::getWindows 2]
[14:18:25.36] /i gi::setCurrentIndex {views} -index {symbol} -in [gi::getWindows 2]
[14:18:25.37] /i gi::setItemSelection {views} -index {symbol} -in [gi::getWindows 2]
[14:18:25.57] /i gi::executeAction {dmOpen} -in [gi::getWindows 2]
[14:18:25.64] /r giWindowId 5
[14:18:25.64] /r giWindowGeometry 1632x926
[14:18:27.65] /i gi::executeAction giCloseWindow -in [gi::getWindows 5]
[14:18:50.42] /i gi::setCurrentIndex {cells} -index {testbench_CMOS} -in [gi::getWindows 2]
[14:18:50.49] /i gi::setItemSelection {cells} -index {testbench_CMOS} -in [gi::getWindows 2]
[14:18:51.49] /i gi::setCurrentIndex {views} -index {config} -in [gi::getWindows 2]
[14:18:51.51] /i gi::setItemSelection {views} -index {config} -in [gi::getWindows 2]
[14:18:52.09] /i gi::setCurrentIndex {views} -index {schematic} -in [gi::getWindows 2]
[14:18:52.11] /i gi::setItemSelection {views} -index {schematic} -in [gi::getWindows 2]
[14:19:01.76] /i gi::setCurrentIndex {cells} -index {CMOS_Working} -in [gi::getWindows 2]
[14:19:10.71] /i gi::setItemSelection {cells} -index {CMOS_Working} -in [gi::getWindows 2]
[14:19:10.72] /i gi::setItemSelection {cells} -index {} -in [gi::getWindows 2]
[14:19:10.76] /i gi::setItemSelection {cells} -index {CMOS_Working} -in [gi::getWindows 2]
[14:19:10.76] /i exit
[14:19:10.78] /r giDialog gi::setActiveDialog [gi::getDialogs {deExitDialog} -parent [gi::getWindows 2]]
[14:19:11.06] /r giDialog db::setAttr geometry -of [gi::getDialogs {deExitDialog} -parent [gi::getWindows 2]] -value 419x207+740+373
[14:19:12.16] /r giDialog gi::pressButton {ok} -in [gi::getDialogs {deExitDialog} -parent [gi::getWindows 2]]
[14:19:12.62] /o Shutdown time: Mon May 15 14:19:12 2023
[14:19:12.62] /o Elapsed session real time: 8.6 minutes
[14:19:12.62] /o Session terminated. Log is at /DCNFS/users/student/mpang/ELEN153/synopsys_custom/logs/ccompiler.mpang.2023_5_15_141035_16034.log
