[15:28:19.38] /o sae_shell Version Custom Compiler P-2019.06-SP1-7
              /c Build  (OPT) compiled on Thu Feb 13 14:05:50 2020 for RHEL64 6.6
              /c Execution time: Mon Apr 10 15:28:14 2023
              /c Host: linux400512
              /c 
              /c Copyright © 2004-2020 Synopsys, Inc.
              /c This software and the associated documentation are proprietary to Synopsys, Inc. This software may only be used in accordance with the terms and conditions of a written license agreement with Synopsys, Inc. All other use, reproduction, or distribution of this software is strictly prohibited.
              /c 
              /c 
[15:28:19.44] /o /DCNFS/applications/synopsys/2019/app/customcompiler/P-2019.06-SP1-7/auxx/samples/basic
[15:28:19.44] /o /DCNFS/applications/synopsys/2019/app/customcompiler/P-2019.06-SP1-7/auxx/samples/snpsDeviceLib
[15:28:19.44] /o /DCNFS/applications/synopsys/2019/app/customcompiler/P-2019.06-SP1-7/auxx/samples/analogLib
[15:28:19.45] /o /DCNFS/applications/synopsys/2019/app/customcompiler/P-2019.06-SP1-7/auxx/samples/parasitics
[15:28:19.56] /o /DCNFS/applications/synopsys/2019/app/SAED/SAED_PDK90nm/SAED_PDK_90
[15:28:19.56] /o 	############################################
[15:28:19.56] /o 	        Synopsys Generic 90nm iPDK          
[15:28:19.56] /o 	--------------------------------------------
[15:28:19.56] /o 	Release Date .............. : 11-May-2016    
[15:28:19.56] /o 	============================================
[15:28:19.56] /o 	        Recommended Tool Versions           
[15:28:19.56] /o 	--------------------------------------------
[15:28:19.56] /o 	Custom Designer ........... : J-2014.12-2    
[15:28:19.56] /o 	IC Validator .............. : K-2015.12   
[15:28:19.56] /o 	StarRC..................... : K-2015.12  
[15:28:19.56] /o 	--------------------------------------------
[15:28:19.56] /o 	############################################
[15:28:19.56] /o 
[15:28:19.58] /o SAED PDK 90: Loaded callbacks
[15:28:19.58] /o SAED PDK 90: Loaded display resources
[15:28:19.59] /i ::sa::_backgroundSaeShell::signalProcessReady 1681165694
[15:28:19.59] /o saeInterBGSaeShell:  ::sa::_backgroundSaeShell::processReady 5
[15:33:03.61] /i ::sa::_backgroundSaeShell::runScript /DCNFS/users/student/mpang/simulation/lab1,NMOS2,schematic/history_1/simulation/HSPICE_default/HSPICE/nominal/.bg_measurement_script.tcl sa::_resultsDatabase::saeShellProcessingCompletedProc testSuiteName saeSession3 testbenchName HSPICE_default resultsDir /DCNFS/users/student/mpang/simulation/lab1,NMOS2,schematic/history_1/simulation/HSPICE_default/HSPICE/nominal/results testSuiteDir /DCNFS/users/student/mpang/simulation/lab1,NMOS2,schematic/history_1/simulation/HSPICE_default/HSPICE/nominal databaseName /DCNFS/users/student/mpang/simulation/lab1,NMOS2,schematic/history_1/simulation/HSPICE_default/HSPICE/nominal/resultsDatabase remoteRun {} testbenchId 1 saveImages true
[15:33:04.01] /m Information: Start incremental database creation...
[15:33:04.06] /m Information: Started sharing "Custom WaveView ADV" license. (WAVEFORM-110)
[15:33:04.16] /o saeInterBGSaeShell:  ::sa::_backgroundSaeShell::scriptFinished 0.5 {} sa::_resultsDatabase::saeShellProcessingCompletedProc testSuiteName saeSession3 testbenchName HSPICE_default resultsDir /DCNFS/users/student/mpang/simulation/lab1,NMOS2,schematic/history_1/simulation/HSPICE_default/HSPICE/nominal/results testSuiteDir /DCNFS/users/student/mpang/simulation/lab1,NMOS2,schematic/history_1/simulation/HSPICE_default/HSPICE/nominal databaseName /DCNFS/users/student/mpang/simulation/lab1,NMOS2,schematic/history_1/simulation/HSPICE_default/HSPICE/nominal/resultsDatabase remoteRun {} testbenchId 1 saveImages true
[15:33:04.16] /o false
[15:33:25.37] /i ::wf::viewerExited
[15:38:05.62] /o saeInterBGSaeShell:  ::sa::_backgroundSaeShell::pingBack
[15:38:05.66] /i ::sa::_backgroundSaeShell::parentRunning
[15:38:05.66] /o 1681166285
[15:38:08.75] /m Information: Stopped sharing "Custom WaveView ADV" license. (WAVEFORM-111)
[15:40:25.27] /i ::sa::_backgroundSaeShell::exit
[15:40:25.27] /o saeInterBGSaeShell:  ::sa::_backgroundSaeShell::childFormallyExiting
