[14:56:16.75] /o sae_shell Version Custom Compiler P-2019.06-SP1-7
              /c Build  (OPT) compiled on Thu Feb 13 14:05:50 2020 for RHEL64 6.6
              /c Execution time: Mon Apr 10 14:56:11 2023
              /c Host: linux400512
              /c 
              /c Copyright © 2004-2020 Synopsys, Inc.
              /c This software and the associated documentation are proprietary to Synopsys, Inc. This software may only be used in accordance with the terms and conditions of a written license agreement with Synopsys, Inc. All other use, reproduction, or distribution of this software is strictly prohibited.
              /c 
              /c 
[14:56:16.82] /o /DCNFS/applications/synopsys/2019/app/customcompiler/P-2019.06-SP1-7/auxx/samples/basic
[14:56:16.83] /o /DCNFS/applications/synopsys/2019/app/customcompiler/P-2019.06-SP1-7/auxx/samples/snpsDeviceLib
[14:56:16.83] /o /DCNFS/applications/synopsys/2019/app/customcompiler/P-2019.06-SP1-7/auxx/samples/analogLib
[14:56:16.83] /o /DCNFS/applications/synopsys/2019/app/customcompiler/P-2019.06-SP1-7/auxx/samples/parasitics
[14:56:17.00] /o /DCNFS/applications/synopsys/2019/app/SAED/SAED_PDK90nm/SAED_PDK_90
[14:56:17.01] /o 	############################################
[14:56:17.01] /o 	        Synopsys Generic 90nm iPDK          
[14:56:17.01] /o 	--------------------------------------------
[14:56:17.01] /o 	Release Date .............. : 11-May-2016    
[14:56:17.01] /o 	============================================
[14:56:17.01] /o 	        Recommended Tool Versions           
[14:56:17.01] /o 	--------------------------------------------
[14:56:17.01] /o 	Custom Designer ........... : J-2014.12-2    
[14:56:17.01] /o 	IC Validator .............. : K-2015.12   
[14:56:17.01] /o 	StarRC..................... : K-2015.12  
[14:56:17.01] /o 	--------------------------------------------
[14:56:17.01] /o 	############################################
[14:56:17.01] /o 
[14:56:17.03] /o SAED PDK 90: Loaded callbacks
[14:56:17.04] /o SAED PDK 90: Loaded display resources
[14:56:17.04] /i ::sa::_backgroundSaeShell::signalProcessReady 1681163771
[14:56:17.05] /o saeInterBGSaeShell:  ::sa::_backgroundSaeShell::processReady 6
[15:01:18.06] /o saeInterBGSaeShell:  ::sa::_backgroundSaeShell::pingBack
[15:01:18.26] /i ::sa::_backgroundSaeShell::parentRunning
[15:01:18.26] /o 1681164078
[15:06:19.06] /o saeInterBGSaeShell:  ::sa::_backgroundSaeShell::pingBack
[15:06:19.26] /i ::sa::_backgroundSaeShell::parentRunning
[15:06:19.26] /o 1681164379
[15:07:27.51] /i ::sa::_backgroundSaeShell::exit
[15:07:27.51] /o saeInterBGSaeShell:  ::sa::_backgroundSaeShell::childFormallyExiting
