[15:33:08.18] /o sae_shell Version Custom Compiler P-2019.06-SP1-7
              /c Build  (OPT) compiled on Thu Feb 13 14:05:50 2020 for RHEL64 6.6
              /c Execution time: Mon Apr 10 15:33:03 2023
              /c Host: linux400512
              /c 
              /c Copyright © 2004-2020 Synopsys, Inc.
              /c This software and the associated documentation are proprietary to Synopsys, Inc. This software may only be used in accordance with the terms and conditions of a written license agreement with Synopsys, Inc. All other use, reproduction, or distribution of this software is strictly prohibited.
              /c 
              /c 
[15:33:08.24] /o /DCNFS/applications/synopsys/2019/app/customcompiler/P-2019.06-SP1-7/auxx/samples/basic
[15:33:08.24] /o /DCNFS/applications/synopsys/2019/app/customcompiler/P-2019.06-SP1-7/auxx/samples/snpsDeviceLib
[15:33:08.24] /o /DCNFS/applications/synopsys/2019/app/customcompiler/P-2019.06-SP1-7/auxx/samples/analogLib
[15:33:08.24] /o /DCNFS/applications/synopsys/2019/app/customcompiler/P-2019.06-SP1-7/auxx/samples/parasitics
[15:33:08.35] /o /DCNFS/applications/synopsys/2019/app/SAED/SAED_PDK90nm/SAED_PDK_90
[15:33:08.36] /o 	############################################
[15:33:08.36] /o 	        Synopsys Generic 90nm iPDK          
[15:33:08.36] /o 	--------------------------------------------
[15:33:08.36] /o 	Release Date .............. : 11-May-2016    
[15:33:08.36] /o 	============================================
[15:33:08.36] /o 	        Recommended Tool Versions           
[15:33:08.36] /o 	--------------------------------------------
[15:33:08.36] /o 	Custom Designer ........... : J-2014.12-2    
[15:33:08.36] /o 	IC Validator .............. : K-2015.12   
[15:33:08.36] /o 	StarRC..................... : K-2015.12  
[15:33:08.36] /o 	--------------------------------------------
[15:33:08.36] /o 	############################################
[15:33:08.36] /o 
[15:33:08.38] /o SAED PDK 90: Loaded callbacks
[15:33:08.38] /o SAED PDK 90: Loaded display resources
[15:33:08.39] /i ::sa::_backgroundSaeShell::signalProcessReady 1681165983
[15:33:08.39] /o saeInterBGSaeShell:  ::sa::_backgroundSaeShell::processReady 5
[15:33:25.37] /i ::wf::viewerExited
[15:38:09.40] /o saeInterBGSaeShell:  ::sa::_backgroundSaeShell::pingBack
[15:38:09.46] /i ::sa::_backgroundSaeShell::parentRunning
[15:38:09.46] /o 1681166289
[15:40:25.27] /i ::sa::_backgroundSaeShell::exit
[15:40:25.27] /o saeInterBGSaeShell:  ::sa::_backgroundSaeShell::childFormallyExiting
