[15:05:41.63] /o sae_shell Version Custom Compiler P-2019.06-SP1-7
              /c Build  (OPT) compiled on Thu Feb 13 14:05:50 2020 for RHEL64 6.6
              /c Execution time: Mon Apr 17 15:05:37 2023
              /c Host: linux400513
              /c 
              /c Copyright © 2004-2020 Synopsys, Inc.
              /c This software and the associated documentation are proprietary to Synopsys, Inc. This software may only be used in accordance with the terms and conditions of a written license agreement with Synopsys, Inc. All other use, reproduction, or distribution of this software is strictly prohibited.
              /c 
              /c 
[15:05:41.70] /o /DCNFS/applications/synopsys/2019/app/customcompiler/P-2019.06-SP1-7/auxx/samples/basic
[15:05:41.70] /o /DCNFS/applications/synopsys/2019/app/customcompiler/P-2019.06-SP1-7/auxx/samples/snpsDeviceLib
[15:05:41.70] /o /DCNFS/applications/synopsys/2019/app/customcompiler/P-2019.06-SP1-7/auxx/samples/analogLib
[15:05:41.70] /o /DCNFS/applications/synopsys/2019/app/customcompiler/P-2019.06-SP1-7/auxx/samples/parasitics
[15:05:41.84] /o /DCNFS/applications/synopsys/2019/app/SAED/SAED_PDK90nm/SAED_PDK_90
[15:05:41.84] /o 	############################################
[15:05:41.84] /o 	        Synopsys Generic 90nm iPDK          
[15:05:41.84] /o 	--------------------------------------------
[15:05:41.84] /o 	Release Date .............. : 11-May-2016    
[15:05:41.84] /o 	============================================
[15:05:41.84] /o 	        Recommended Tool Versions           
[15:05:41.84] /o 	--------------------------------------------
[15:05:41.84] /o 	Custom Designer ........... : J-2014.12-2    
[15:05:41.84] /o 	IC Validator .............. : K-2015.12   
[15:05:41.84] /o 	StarRC..................... : K-2015.12  
[15:05:41.84] /o 	--------------------------------------------
[15:05:41.84] /o 	############################################
[15:05:41.84] /o 
[15:05:41.86] /o SAED PDK 90: Loaded callbacks
[15:05:41.86] /o SAED PDK 90: Loaded display resources
[15:05:41.87] /i ::sa::_backgroundSaeShell::signalProcessReady 1681769136
[15:05:41.87] /o saeInterBGSaeShell:  ::sa::_backgroundSaeShell::processReady 5
[15:10:42.89] /o saeInterBGSaeShell:  ::sa::_backgroundSaeShell::pingBack
[15:10:42.96] /i ::sa::_backgroundSaeShell::parentRunning
[15:10:42.96] /o 1681769442
[15:10:43.66] /i ::sa::_backgroundSaeShell::exit
[15:10:43.66] /o saeInterBGSaeShell:  ::sa::_backgroundSaeShell::childFormallyExiting
