[16:23:40.47] /o sae_shell Version Custom Compiler P-2019.06-SP1-7
              /c Build  (OPT) compiled on Thu Feb 13 14:05:50 2020 for RHEL64 6.6
              /c Execution time: Mon Apr 17 16:23:35 2023
              /c Host: linux400513
              /c 
              /c Copyright © 2004-2020 Synopsys, Inc.
              /c This software and the associated documentation are proprietary to Synopsys, Inc. This software may only be used in accordance with the terms and conditions of a written license agreement with Synopsys, Inc. All other use, reproduction, or distribution of this software is strictly prohibited.
              /c 
              /c 
[16:23:40.52] /o /DCNFS/applications/synopsys/2019/app/customcompiler/P-2019.06-SP1-7/auxx/samples/basic
[16:23:40.53] /o /DCNFS/applications/synopsys/2019/app/customcompiler/P-2019.06-SP1-7/auxx/samples/snpsDeviceLib
[16:23:40.53] /o /DCNFS/applications/synopsys/2019/app/customcompiler/P-2019.06-SP1-7/auxx/samples/analogLib
[16:23:40.53] /o /DCNFS/applications/synopsys/2019/app/customcompiler/P-2019.06-SP1-7/auxx/samples/parasitics
[16:23:40.65] /o /DCNFS/applications/synopsys/2019/app/SAED/SAED_PDK90nm/SAED_PDK_90
[16:23:40.65] /o 	############################################
[16:23:40.65] /o 	        Synopsys Generic 90nm iPDK          
[16:23:40.65] /o 	--------------------------------------------
[16:23:40.65] /o 	Release Date .............. : 11-May-2016    
[16:23:40.65] /o 	============================================
[16:23:40.65] /o 	        Recommended Tool Versions           
[16:23:40.65] /o 	--------------------------------------------
[16:23:40.65] /o 	Custom Designer ........... : J-2014.12-2    
[16:23:40.65] /o 	IC Validator .............. : K-2015.12   
[16:23:40.65] /o 	StarRC..................... : K-2015.12  
[16:23:40.65] /o 	--------------------------------------------
[16:23:40.65] /o 	############################################
[16:23:40.65] /o 
[16:23:40.67] /o SAED PDK 90: Loaded callbacks
[16:23:40.67] /o SAED PDK 90: Loaded display resources
[16:23:40.68] /i ::sa::_backgroundSaeShell::signalProcessReady 1681773815
[16:23:40.68] /o saeInterBGSaeShell:  ::sa::_backgroundSaeShell::processReady 5
[16:28:31.70] /i ::sa::_backgroundSaeShell::exit
[16:28:31.70] /o saeInterBGSaeShell:  ::sa::_backgroundSaeShell::childFormallyExiting
