[16:22:34.07] /o sae_shell Version Custom Compiler P-2019.06-SP1-7
              /c Build  (OPT) compiled on Thu Feb 13 14:05:50 2020 for RHEL64 6.6
              /c Execution time: Mon Apr 10 16:22:29 2023
              /c Host: linux400512
              /c 
              /c Copyright © 2004-2020 Synopsys, Inc.
              /c This software and the associated documentation are proprietary to Synopsys, Inc. This software may only be used in accordance with the terms and conditions of a written license agreement with Synopsys, Inc. All other use, reproduction, or distribution of this software is strictly prohibited.
              /c 
              /c 
[16:22:34.14] /o /DCNFS/applications/synopsys/2019/app/customcompiler/P-2019.06-SP1-7/auxx/samples/basic
[16:22:34.14] /o /DCNFS/applications/synopsys/2019/app/customcompiler/P-2019.06-SP1-7/auxx/samples/snpsDeviceLib
[16:22:34.14] /o /DCNFS/applications/synopsys/2019/app/customcompiler/P-2019.06-SP1-7/auxx/samples/analogLib
[16:22:34.14] /o /DCNFS/applications/synopsys/2019/app/customcompiler/P-2019.06-SP1-7/auxx/samples/parasitics
[16:22:34.25] /o /DCNFS/applications/synopsys/2019/app/SAED/SAED_PDK90nm/SAED_PDK_90
[16:22:34.25] /o 	############################################
[16:22:34.25] /o 	        Synopsys Generic 90nm iPDK          
[16:22:34.25] /o 	--------------------------------------------
[16:22:34.25] /o 	Release Date .............. : 11-May-2016    
[16:22:34.25] /o 	============================================
[16:22:34.25] /o 	        Recommended Tool Versions           
[16:22:34.25] /o 	--------------------------------------------
[16:22:34.25] /o 	Custom Designer ........... : J-2014.12-2    
[16:22:34.25] /o 	IC Validator .............. : K-2015.12   
[16:22:34.25] /o 	StarRC..................... : K-2015.12  
[16:22:34.25] /o 	--------------------------------------------
[16:22:34.25] /o 	############################################
[16:22:34.25] /o 
[16:22:34.27] /o SAED PDK 90: Loaded callbacks
[16:22:34.28] /o SAED PDK 90: Loaded display resources
[16:22:34.28] /i ::sa::_backgroundSaeShell::signalProcessReady 1681168949
[16:22:34.29] /o saeInterBGSaeShell:  ::sa::_backgroundSaeShell::processReady 5
[16:22:47.47] /i ::sa::_backgroundSaeShell::runScript /DCNFS/users/student/mpang/simulation/lab1,NMOS2,schematic/history_1/simulation/HSPICE_default/HSPICE/nominal/.bg_measurement_script.tcl sa::_resultsDatabase::saeShellProcessingCompletedProc testSuiteName saeSession9 testbenchName HSPICE_default resultsDir /DCNFS/users/student/mpang/simulation/lab1,NMOS2,schematic/history_1/simulation/HSPICE_default/HSPICE/nominal/results testSuiteDir /DCNFS/users/student/mpang/simulation/lab1,NMOS2,schematic/history_1/simulation/HSPICE_default/HSPICE/nominal databaseName /DCNFS/users/student/mpang/simulation/lab1,NMOS2,schematic/history_1/simulation/HSPICE_default/HSPICE/nominal/resultsDatabase remoteRun {} testbenchId 1 saveImages true
[16:22:47.86] /m Information: Start incremental database creation...
[16:22:47.91] /m Information: Started sharing "Custom WaveView ADV" license. (WAVEFORM-110)
[16:22:48.00] /o saeInterBGSaeShell:  ::sa::_backgroundSaeShell::scriptFinished 0.5 {} sa::_resultsDatabase::saeShellProcessingCompletedProc testSuiteName saeSession9 testbenchName HSPICE_default resultsDir /DCNFS/users/student/mpang/simulation/lab1,NMOS2,schematic/history_1/simulation/HSPICE_default/HSPICE/nominal/results testSuiteDir /DCNFS/users/student/mpang/simulation/lab1,NMOS2,schematic/history_1/simulation/HSPICE_default/HSPICE/nominal databaseName /DCNFS/users/student/mpang/simulation/lab1,NMOS2,schematic/history_1/simulation/HSPICE_default/HSPICE/nominal/resultsDatabase remoteRun {} testbenchId 1 saveImages true
[16:22:48.00] /o false
[16:25:12.18] /i ::wf::viewerExited
[16:27:49.32] /o saeInterBGSaeShell:  ::sa::_backgroundSaeShell::pingBack
[16:27:49.46] /i ::sa::_backgroundSaeShell::parentRunning
[16:27:49.46] /o 1681169269
[16:27:52.75] /m Information: Stopped sharing "Custom WaveView ADV" license. (WAVEFORM-111)
[16:30:36.45] /i ::sa::_backgroundSaeShell::runScript /DCNFS/users/student/mpang/simulation/lab1,NMOS2,schematic/history_1/simulation/HSPICE_default/HSPICE/nominal/.bg_measurement_script.tcl sa::_resultsDatabase::saeShellProcessingCompletedProc testSuiteName saeSession9 testbenchName HSPICE_default resultsDir /DCNFS/users/student/mpang/simulation/lab1,NMOS2,schematic/history_1/simulation/HSPICE_default/HSPICE/nominal/results testSuiteDir /DCNFS/users/student/mpang/simulation/lab1,NMOS2,schematic/history_1/simulation/HSPICE_default/HSPICE/nominal databaseName /DCNFS/users/student/mpang/simulation/lab1,NMOS2,schematic/history_1/simulation/HSPICE_default/HSPICE/nominal/resultsDatabase remoteRun {} testbenchId 1 saveImages true
[16:30:37.08] /m Information: Start incremental database creation...
[16:30:37.11] /m Information: Started sharing "Custom WaveView ADV" license. (WAVEFORM-110)
[16:30:37.21] /o saeInterBGSaeShell:  ::sa::_backgroundSaeShell::scriptFinished 0.7 {} sa::_resultsDatabase::saeShellProcessingCompletedProc testSuiteName saeSession9 testbenchName HSPICE_default resultsDir /DCNFS/users/student/mpang/simulation/lab1,NMOS2,schematic/history_1/simulation/HSPICE_default/HSPICE/nominal/results testSuiteDir /DCNFS/users/student/mpang/simulation/lab1,NMOS2,schematic/history_1/simulation/HSPICE_default/HSPICE/nominal databaseName /DCNFS/users/student/mpang/simulation/lab1,NMOS2,schematic/history_1/simulation/HSPICE_default/HSPICE/nominal/resultsDatabase remoteRun {} testbenchId 1 saveImages true
[16:30:37.21] /o false
[16:35:38.35] /o saeInterBGSaeShell:  ::sa::_backgroundSaeShell::pingBack
[16:35:38.46] /i ::sa::_backgroundSaeShell::parentRunning
[16:35:38.46] /o 1681169738
[16:35:41.76] /m Information: Stopped sharing "Custom WaveView ADV" license. (WAVEFORM-111)
[16:40:39.37] /o saeInterBGSaeShell:  ::sa::_backgroundSaeShell::pingBack
[16:40:39.46] /i ::sa::_backgroundSaeShell::parentRunning
[16:40:39.46] /o 1681170039
[16:44:40.06] /o Information: Received "Terminate" signal. Sending  PID: 9726 UID: 3550 Username: "mpang" Process name: "/DCNFS/applications/synopsys/2019/app/customcompiler/P-2019.06-SP1-7/linux64/platform/bin/ipc_wrapper". Process is terminated.
              /c signal number = 15
              /c Stack Dump: VERSION P-2019.06-SP1-7 CONFIG 5329942 DATE Mon Apr 10 16:22:29 2023
              /c Frame 0. libc.so.6: __poll + 0x24
              /c Frame 1. sae_shell: poll + 0x61
              /c Frame 2. /lib64/libglib-2.0.so.0 ::baa06d43fc + 0x43c
              /c Frame 3. libglib-2.0.so.0: g_main_context_iteration + 0x2c
              /c Frame 4. QEventDispatcherGlib::processEvents(QFlags<QEventLoop::ProcessEventsFlag>) + 0x6a
              /c Frame 5. QEventLoop::exec(QFlags<QEventLoop::ProcessEventsFlag>) + 0xea
              /c Frame 6. QCoreApplication::exec() + 0x8d
              /c Frame 7. 0x13139d2 SNPSee_3cb5a937433b5647dfd0ba220bc88c363f9edc9e424f5618e629fa54920aaa2d42181fc4e419a971bdba91f3b1089c26 + 0xa2
              /c Frame 8. sae_shell: main + 0x6a
              /c Frame 9. libc.so.6: __libc_start_main + 0xf5
              /c Frame 10. /DCNFS/applications/synopsys/2019/app/customcompiler/P-2019.06-SP1-7/linux64/platform/bin/sae_shell ::0x1308a75 + 0x29
[16:44:41.39] /e Error: The application was unexpectedly terminated.
              /c See the session log file for recovery details. (SHUT_DOWN-001)
