[16:19:48.31] /o sae_shell Version Custom Compiler P-2019.06-SP1-7
              /c Build  (OPT) compiled on Thu Feb 13 14:05:50 2020 for RHEL64 6.6
              /c Execution time: Mon Apr 17 16:19:44 2023
              /c Host: linux400513
              /c 
              /c Copyright © 2004-2020 Synopsys, Inc.
              /c This software and the associated documentation are proprietary to Synopsys, Inc. This software may only be used in accordance with the terms and conditions of a written license agreement with Synopsys, Inc. All other use, reproduction, or distribution of this software is strictly prohibited.
              /c 
              /c 
[16:19:48.38] /o /DCNFS/applications/synopsys/2019/app/customcompiler/P-2019.06-SP1-7/auxx/samples/basic
[16:19:48.38] /o /DCNFS/applications/synopsys/2019/app/customcompiler/P-2019.06-SP1-7/auxx/samples/snpsDeviceLib
[16:19:48.38] /o /DCNFS/applications/synopsys/2019/app/customcompiler/P-2019.06-SP1-7/auxx/samples/analogLib
[16:19:48.38] /o /DCNFS/applications/synopsys/2019/app/customcompiler/P-2019.06-SP1-7/auxx/samples/parasitics
[16:19:48.50] /o /DCNFS/applications/synopsys/2019/app/SAED/SAED_PDK90nm/SAED_PDK_90
[16:19:48.50] /o 	############################################
[16:19:48.50] /o 	        Synopsys Generic 90nm iPDK          
[16:19:48.50] /o 	--------------------------------------------
[16:19:48.50] /o 	Release Date .............. : 11-May-2016    
[16:19:48.50] /o 	============================================
[16:19:48.50] /o 	        Recommended Tool Versions           
[16:19:48.50] /o 	--------------------------------------------
[16:19:48.50] /o 	Custom Designer ........... : J-2014.12-2    
[16:19:48.50] /o 	IC Validator .............. : K-2015.12   
[16:19:48.50] /o 	StarRC..................... : K-2015.12  
[16:19:48.50] /o 	--------------------------------------------
[16:19:48.50] /o 	############################################
[16:19:48.50] /o 
[16:19:48.52] /o SAED PDK 90: Loaded callbacks
[16:19:48.52] /o SAED PDK 90: Loaded display resources
[16:19:48.53] /i ::sa::_backgroundSaeShell::signalProcessReady 1681773583
[16:19:48.53] /o saeInterBGSaeShell:  ::sa::_backgroundSaeShell::processReady 5
[16:23:35.08] /i ::sa::_backgroundSaeShell::runScript /DCNFS/users/student/mpang/simulation/lab2,testbench_inverter,schematic/history_1/simulation/HSPICE_default/HSPICE/nominal/.bg_measurement_script.tcl sa::_resultsDatabase::saeShellProcessingCompletedProc testSuiteName saeSession10 testbenchName HSPICE_default resultsDir /DCNFS/users/student/mpang/simulation/lab2,testbench_inverter,schematic/history_1/simulation/HSPICE_default/HSPICE/nominal/results testSuiteDir /DCNFS/users/student/mpang/simulation/lab2,testbench_inverter,schematic/history_1/simulation/HSPICE_default/HSPICE/nominal databaseName /DCNFS/users/student/mpang/simulation/lab2,testbench_inverter,schematic/history_1/simulation/HSPICE_default/HSPICE/nominal/resultsDatabase remoteRun {} testbenchId 1 saveImages true
[16:23:35.85] /m Information: Start incremental database creation...
[16:23:35.90] /m Information: Started sharing "Custom WaveView ADV" license. (WAVEFORM-110)
[16:23:35.98] /o Tracing Vout
[16:23:35.98] /o Tracing Vout (Found 0)
[16:23:35.98] /o Tracing collected globals
[16:23:36.00] /o Tracing Vin
[16:23:36.00] /o Tracing Vin (Found 0)
[16:23:36.00] /o Tracing collected globals
[16:23:36.38] /o saeInterBGSaeShell:  ::sa::_backgroundSaeShell::scriptFinished 1.2 {} sa::_resultsDatabase::saeShellProcessingCompletedProc testSuiteName saeSession10 testbenchName HSPICE_default resultsDir /DCNFS/users/student/mpang/simulation/lab2,testbench_inverter,schematic/history_1/simulation/HSPICE_default/HSPICE/nominal/results testSuiteDir /DCNFS/users/student/mpang/simulation/lab2,testbench_inverter,schematic/history_1/simulation/HSPICE_default/HSPICE/nominal databaseName /DCNFS/users/student/mpang/simulation/lab2,testbench_inverter,schematic/history_1/simulation/HSPICE_default/HSPICE/nominal/resultsDatabase remoteRun {} testbenchId 1 saveImages true
[16:23:36.38] /o false
[16:28:31.70] /i ::sa::_backgroundSaeShell::exit
[16:28:31.70] /o saeInterBGSaeShell:  ::sa::_backgroundSaeShell::childFormallyExiting
