[14:47:35.36] /o sae_shell Version Custom Compiler P-2019.06-SP1-7
              /c Build  (OPT) compiled on Thu Feb 13 14:05:50 2020 for RHEL64 6.6
              /c Execution time: Mon Apr 10 14:47:30 2023
              /c Host: linux400512
              /c 
              /c Copyright © 2004-2020 Synopsys, Inc.
              /c This software and the associated documentation are proprietary to Synopsys, Inc. This software may only be used in accordance with the terms and conditions of a written license agreement with Synopsys, Inc. All other use, reproduction, or distribution of this software is strictly prohibited.
              /c 
              /c 
[14:47:35.42] /o /DCNFS/applications/synopsys/2019/app/customcompiler/P-2019.06-SP1-7/auxx/samples/basic
[14:47:35.42] /o /DCNFS/applications/synopsys/2019/app/customcompiler/P-2019.06-SP1-7/auxx/samples/snpsDeviceLib
[14:47:35.43] /o /DCNFS/applications/synopsys/2019/app/customcompiler/P-2019.06-SP1-7/auxx/samples/analogLib
[14:47:35.43] /o /DCNFS/applications/synopsys/2019/app/customcompiler/P-2019.06-SP1-7/auxx/samples/parasitics
[14:47:35.63] /o /DCNFS/applications/synopsys/2019/app/SAED/SAED_PDK90nm/SAED_PDK_90
[14:47:35.64] /o 	############################################
[14:47:35.64] /o 	        Synopsys Generic 90nm iPDK          
[14:47:35.64] /o 	--------------------------------------------
[14:47:35.64] /o 	Release Date .............. : 11-May-2016    
[14:47:35.64] /o 	============================================
[14:47:35.64] /o 	        Recommended Tool Versions           
[14:47:35.64] /o 	--------------------------------------------
[14:47:35.64] /o 	Custom Designer ........... : J-2014.12-2    
[14:47:35.64] /o 	IC Validator .............. : K-2015.12   
[14:47:35.64] /o 	StarRC..................... : K-2015.12  
[14:47:35.64] /o 	--------------------------------------------
[14:47:35.64] /o 	############################################
[14:47:35.64] /o 
[14:47:35.66] /o SAED PDK 90: Loaded callbacks
[14:47:35.66] /o SAED PDK 90: Loaded display resources
[14:47:35.67] /i ::sa::_backgroundSaeShell::signalProcessReady 1681163248
[14:47:35.67] /o saeInterBGSaeShell:  ::sa::_backgroundSaeShell::processReady 7
[14:52:36.69] /o saeInterBGSaeShell:  ::sa::_backgroundSaeShell::pingBack
[14:52:36.76] /i ::sa::_backgroundSaeShell::parentRunning
[14:52:36.76] /o 1681163556
[14:56:11.54] /i ::sa::_backgroundSaeShell::runScript /DCNFS/users/student/mpang/simulation/lab1,NMOS,schematic/history_1/simulation/HSPICE_default/HSPICE/parametric/.bg_measurement_script.tcl sa::_resultsDatabase::saeShellProcessingCompletedProc testSuiteName saeSession0 testbenchName HSPICE_default resultsDir /DCNFS/users/student/mpang/simulation/lab1,NMOS,schematic/history_1/simulation/HSPICE_default/HSPICE/parametric/results testSuiteDir /DCNFS/users/student/mpang/simulation/lab1,NMOS,schematic/history_1/simulation/HSPICE_default/HSPICE/parametric databaseName /DCNFS/users/student/mpang/simulation/lab1,NMOS,schematic/history_1/simulation/HSPICE_default/HSPICE/parametric/resultsDatabase remoteRun {} testbenchId 1 saveImages true
[14:56:12.46] /m Information: Start incremental database creation...
[14:56:12.54] /m Information: Started sharing "Custom WaveView ADV" license. (WAVEFORM-110)
[14:56:13.46] /o saeInterBGSaeShell:  ::sa::_backgroundSaeShell::scriptFinished 1.9 {} sa::_resultsDatabase::saeShellProcessingCompletedProc testSuiteName saeSession0 testbenchName HSPICE_default resultsDir /DCNFS/users/student/mpang/simulation/lab1,NMOS,schematic/history_1/simulation/HSPICE_default/HSPICE/parametric/results testSuiteDir /DCNFS/users/student/mpang/simulation/lab1,NMOS,schematic/history_1/simulation/HSPICE_default/HSPICE/parametric databaseName /DCNFS/users/student/mpang/simulation/lab1,NMOS,schematic/history_1/simulation/HSPICE_default/HSPICE/parametric/resultsDatabase remoteRun {} testbenchId 1 saveImages true
[14:56:13.46] /o false
[15:01:14.72] /o saeInterBGSaeShell:  ::sa::_backgroundSaeShell::pingBack
[15:01:14.86] /i ::sa::_backgroundSaeShell::parentRunning
[15:01:14.86] /o 1681164074
[15:01:18.76] /m Information: Stopped sharing "Custom WaveView ADV" license. (WAVEFORM-111)
[15:06:15.74] /o saeInterBGSaeShell:  ::sa::_backgroundSaeShell::pingBack
[15:06:15.86] /i ::sa::_backgroundSaeShell::parentRunning
[15:06:15.86] /o 1681164375
[15:07:27.51] /i ::sa::_backgroundSaeShell::exit
[15:07:27.51] /o saeInterBGSaeShell:  ::sa::_backgroundSaeShell::childFormallyExiting
