[15:24:48.53] /o sae_shell Version Custom Compiler P-2019.06-SP1-7
              /c Build  (OPT) compiled on Thu Feb 13 14:05:50 2020 for RHEL64 6.6
              /c Execution time: Mon May  1 15:24:44 2023
              /c Host: linux400512
              /c 
              /c Copyright © 2004-2020 Synopsys, Inc.
              /c This software and the associated documentation are proprietary to Synopsys, Inc. This software may only be used in accordance with the terms and conditions of a written license agreement with Synopsys, Inc. All other use, reproduction, or distribution of this software is strictly prohibited.
              /c 
              /c 
[15:24:48.59] /o /DCNFS/applications/synopsys/2019/app/customcompiler/P-2019.06-SP1-7/auxx/samples/basic
[15:24:48.60] /o /DCNFS/applications/synopsys/2019/app/customcompiler/P-2019.06-SP1-7/auxx/samples/snpsDeviceLib
[15:24:48.60] /o /DCNFS/applications/synopsys/2019/app/customcompiler/P-2019.06-SP1-7/auxx/samples/analogLib
[15:24:48.60] /o /DCNFS/applications/synopsys/2019/app/customcompiler/P-2019.06-SP1-7/auxx/samples/parasitics
[15:24:48.71] /o /DCNFS/applications/synopsys/2019/app/SAED/SAED_PDK90nm/SAED_PDK_90
[15:24:48.71] /o 	############################################
[15:24:48.71] /o 	        Synopsys Generic 90nm iPDK          
[15:24:48.71] /o 	--------------------------------------------
[15:24:48.71] /o 	Release Date .............. : 11-May-2016    
[15:24:48.71] /o 	============================================
[15:24:48.71] /o 	        Recommended Tool Versions           
[15:24:48.71] /o 	--------------------------------------------
[15:24:48.71] /o 	Custom Designer ........... : J-2014.12-2    
[15:24:48.71] /o 	IC Validator .............. : K-2015.12   
[15:24:48.71] /o 	StarRC..................... : K-2015.12  
[15:24:48.71] /o 	--------------------------------------------
[15:24:48.71] /o 	############################################
[15:24:48.71] /o 
[15:24:48.73] /o SAED PDK 90: Loaded callbacks
[15:24:48.73] /o SAED PDK 90: Loaded display resources
[15:24:48.74] /i ::sa::_backgroundSaeShell::signalProcessReady 1682979883
[15:24:48.74] /o saeInterBGSaeShell:  ::sa::_backgroundSaeShell::processReady 5
[15:27:07.46] /i ::wf::viewerExited
[15:29:18.27] /i ::wf::viewerExited
[15:29:49.76] /o saeInterBGSaeShell:  ::sa::_backgroundSaeShell::pingBack
[15:29:49.96] /i ::sa::_backgroundSaeShell::parentRunning
[15:29:49.96] /o 1682980189
[15:34:50.76] /o saeInterBGSaeShell:  ::sa::_backgroundSaeShell::pingBack
[15:34:50.86] /i ::sa::_backgroundSaeShell::parentRunning
[15:34:50.86] /o 1682980490
[15:36:01.67] /i ::wf::viewerExited
[15:36:27.07] /i ::wf::viewerExited
[15:39:51.78] /o saeInterBGSaeShell:  ::sa::_backgroundSaeShell::pingBack
[15:39:51.96] /i ::sa::_backgroundSaeShell::parentRunning
[15:39:51.96] /o 1682980791
[15:43:45.47] /i ::wf::viewerExited
[15:44:52.80] /o saeInterBGSaeShell:  ::sa::_backgroundSaeShell::pingBack
[15:44:52.86] /i ::sa::_backgroundSaeShell::parentRunning
[15:44:52.86] /o 1682981092
[15:45:51.87] /i ::sa::_backgroundSaeShell::exit
[15:45:51.87] /o saeInterBGSaeShell:  ::sa::_backgroundSaeShell::childFormallyExiting
