

                                  ICV_Compare 

         Version Q-2019.12-SP1-1 for linux64 - Feb 24, 2020 cl#5351723

                    Copyright (c) 1996 - 2020 Synopsys, Inc.
   This software and the associated documentation are proprietary to Synopsys,
 Inc. This software may only be used in accordance with the terms and conditions
 of a written license agreement with Synopsys, Inc. All other use, reproduction,
            or distribution of this software is strictly prohibited.

LVS compare start time    : 2023-06-05 15:48:40
+------------------------------------------------------------------------+
|                            Environment Status                          |
+------------------------------------------------------------------------+

Hostname            = linux400512
Platform type       = LINUX.64
Runset file         = /DCNFS/users/student/mpang/ELEN153/synopsys_custom/pvjob_lab2.inverter.icv.lvs/rules.lvs.9m_saed90_lvs.lvs.rs
Working directory   = /DCNFS/users/student/mpang/ELEN153/Adder/synopsys_custom/pvjob_Fourbit.fulladd.icv.lvs
Top cell            = fulladd
Layout netlist      = /DCNFS/users/student/mpang/ELEN153/Adder/synopsys_custom/pvjob_Fourbit.fulladd.icv.lvs/fulladd.net
Schematic netlist   = /DCNFS/users/student/mpang/ELEN153/Adder/synopsys_custom/pvjob_Fourbit.fulladd.icv.lvs/fulladd.sch_out
User functions file = /opt/synopsys-2019/app/SAED/SAED_PDK90nm/icv/lvs/include/functions.rs
Compare directory   = run_details/compare
Equivalence file (-e) = [none]

+------------------------------------------------------------------------+
|                             Setting Overview                           |
|                 * = different from IC Validator default                |
+------------------------------------------------------------------------+

    == Global Settings ==                     
*   schematic global_nets                     = {VDD VDD12 VDD22 VSS VSS12 VDD22}
    power nets                                
*       schematic                             = {VDD VDD12 VDD22}
*       layout                                = {VDD VDD12 VDD22}
    ground nets                               
*       schematic                             = {VSS VSS12 VDD22}
*       layout                                = {VSS VSS12 VDD22}
    join nets                                 
        schematic                             = {}
        layout                                = {}
                                              
    == Merge & Filter ==                      
*   filter                                    = 29 device_names
*   merge_parallel                            = 10 device_names
        exclude_functions                     = 0 device_name
*       property_functions                    = 10 device_names
        xref_parallel_map                     = 0 device_name
*   merge_series                              = 6 device_names
        exclude_functions                     = 0 device_name
        property_functions                    = 0 device_name
        multiple_paths                        = 0 device_name
        merge_connected_gates                 = 0 device_name
    short_equivalent_nodes                    = 0 device_name
        series_parallel_stack                 = 0 device_name
    recognize_gate                            = 0 device_name
        exclude_tolerances                    = 0 device_name
                                              
    == Property ==                            
*   check_property                            = 31 device_names
        check_function                        = 0 device_name
    check_property_for_failed_equiv           = false
    lvs_property_epsilon                      = E6
*   multiply_width                            = false
    recalculate_property                      = 0 device_name
                                              
    == Hierarchy ==                           
*   memory_array_compare                      = false
    push_down_devices                         = false
*   push_down_pins                            = false
    remove_dangling_net                       = LAYOUT_UNTEXTED
                                              
    == Netlist Definition ==                  
    delete cells                              
        schematic                             = {}
        layout                                = {}
    pin configuration                         
*       swappable_pins                        = 29 device_names
        ignore pins                           = 0 device_name
    top_cell_ports_static                     = NAME_MATCHED
    define_empty_cell_as_device               = NONE
                                              
    == Report ==                              
    print_messages                            
        equated_nets_list                     = true
        equivalent_cell_list                  = true
        invalid_user_equivs                   = true
        matched_devices_unmatched_nets        = true
        merged_nets_referenced                = true
        netlist_stats                         = true
        nets_promoted_to_pwr_gnd              = true
        non_equivalent_cell_list              = true
        port_xref_table                       = true
        post_compare_stats                    = true
        referenced_merged_devices             = true
        swapped_pin_analysis                  = true
        symmetrical_nodes_found               = true
        uncompared_cell_list                  = true
        all_merged_device_list                = false
        instance_xref_table                   = false
        filtered_device_list                  = false
        series_device_list                    = false
        net_xref_table                        = false
        parallel_device_list                  = false
        pre_merge_stats                       = false
        black_box_signoff                     = true
    wrap_print_message_text                   = true
    print_devices_per_net_max                 = 10
    error_limit_per_check                     = 1000
*   write_equiv_netlists                      = ALL
    print_detail                              
        property                              = COORDINATES_AND_DEVICE_TYPES
        xref_pin                              = NONE
        device_pin                            = ALL
    black_box_file                            = NONE
    ignore_equiv_file                         = NONE
                                              
    == Equiv Control ==                       
    generate_user_equivs                      = NONE
    generate_system_equivs                    = true
    spice_flow                                = false
    user_unit_meter                           = false
    ignore_equivs_with_devices_leveled_out    = false
    equivs management                         
*       action_on_error                       = EXPLODE
        no_explode_condition                  = NONE
        resolve_duplicate_equivs              = false
        explode_imbalanced_equivs             = true
    matching                                  
        detect_permutable_ports               = false
*       match_by_net_name                     = true
        texted_zero_connection_ports          = IGNORE
        black_box_static_ports                = NONE
    match_condition                           
        black_box_duplicates_equiv            = WARNING
        property_mismatch                     = ERROR
        missing_required_property             = ERROR
        illegal_multiplier                    = ERROR
*       equate_by_net_name_fails              = ERROR
*       equate_nets_fails                     = ERROR
        filtered_schematic_devices            = WARNING
*       generate_global_nets                  = ERROR
        matches_must_be_assumed               = WARNING
*       merging_without_pwr_gnd               = ERROR
        missing_black_box_cell                = WARNING
        missing_black_box_port                = WARNING
        missing_pin_connection                = WARNING
        new_cell_created                      = WARNING
        no_global_nets_found                  = WARNING
        undefined_property_for_merged_device  = WARNING
*       zero_value_property                   = ERROR
        empty_cell_not_defined_as_device      = NONE
*       layout_ports_without_name             = ERROR
*       top_layout_ports_without_name         = ERROR
*       nets_matched_with_different_name      = ERROR
*       ports_matched_with_different_name     = ERROR
        properties_contradict_connections     = NONE
*       port_net_match_non_port_net           = ERROR
*       top_schematic_port_net_match_non_port_net= WARNING
*       top_layout_port_net_match_non_port_net= WARNING
*       top_ports_matched_with_different_name = ERROR
        top_schematic_ports_matched_with_different_or_missing_name= NONE
        one_connection_non_port_net           = NONE
*       zero_connection_net                   = ERROR
    report_black_box_errors                   
        extra_layout_ports                    = ERROR_NO_ABORT
        untexted_layout_ports                 = NONE
        extra_schematic_ports                 = ERROR_NO_ABORT
                                              
    == Case Sensitivity ==                    
    netlist case sensitivity                  
        schematic uppercase                   = false
        layout uppercase                      = false
    LVS case_sensitive                        = {PROPERTY NET_PORT DEVICE_NAME}
Purging compare directory ... OK
+------------------------------------------------------------------------+
|                           Preprocessing Stage                          |
+------------------------------------------------------------------------+

Loading netlists ... 
Loading netlists Time=0:00:00  User=0.00 Sys=0.00 Mem=0.011 GB

Checking netlists ...
Checking netlists Time=0:00:00  User=0.00 Sys=0.00 Mem=0.012 GB

Prefiltering devices ... 
Prefiltering devices Time=0:00:00  User=0.00 Sys=0.01 Mem=0.012 GB

Removing dangling nets ... 
Pushing down nets Time=0:00:00  User=0.00 Sys=0.00 Mem=0.012 GB

Creating tree files ... 
    Schematic netlist top cell: fulladd        Unique cell count: 5
    Layout netlist top cell: fulladd        Unique cell count: 1
Creating tree files Time=0:00:00  User=0.00 Sys=0.00 Mem=0.012 GB

Determining system equivalence points ... 
    The final equivalence point file: run_details/equiv.run.

Determining system equivalence points Time=0:00:00  User=0.00 Sys=0.00 Mem=0.012 GB

Removed schematic cells: 
    [none].

Removed layout cells: 
    [none].

Checking equivalence points Time=0:00:00  User=0.00 Sys=0.00 Mem=0.012 GB

Setting equivalence points level Time=0:00:00  User=0.00 Sys=0.00 Mem=0.012 GB

Preprocessing stage finished successfully.
Preprocessing stage Time=0:00:00  User=0.00 Sys=0.01 Mem=0.013 GB

+------------------------------------------------------------------------+
|                             Comparing Stage                            |
+------------------------------------------------------------------------+

+------------------------------------------------------------+
|                           Level 0                          |
+------------------------------------------------------------+


TOP Equivalence point: [fulladd, fulladd] Level = 0

    Flattening netlists ... 
        schematic total device and net count: 30 20 

        layout total device and net count: 30 20 

    Flattening Time=0:00:00  User=0.00 Sys=0.00 Mem=0.015 GB

    Merging and filtering devices ... 
    Merging and filtering Time=0:00:00  User=0.00 Sys=0.00 Mem=0.015 GB

    Comparing circuit logic ... 
        Matching unique nets/devices ... 
        Matching 100% elements Time=0:00:00  User=0.00 Sys=0.00 Mem=0.015 GB

    Comparing device properties Time=0:00:00  User=0.00 Sys=0.00 Mem=0.015 GB

    Writing equiv netlists data...
    Writing Time=0:00:00  User=0.00 Sys=0.00 Mem=0.017 GB

    Writing cross-reference database ... 
    Writing Time=0:00:00  User=0.00 Sys=0.00 Mem=0.017 GB

Result: PASS [fulladd, fulladd]
    Summary file: run_details/compare/fulladd/sum.fulladd.fulladd

Elapsed Time=0:00:00  User=0.00 Sys=0.00 Mem=0.017 GB

+------------------------------------------------------------+
|                                                            |
|Level 0:                                                    |
|                                                            |
|    Passed equivalence point(s):                            |
|        fulladd == fulladd                                  |
|                                                            |
|    Level 0 Time=0:00:00  User=0.00 Sys=0.00 Mem=0.017 GB   |
|                                                            |
+------------------------------------------------------------+

Clean-up all unresolved suspended equivalence points.
Elapsed Time=0:00:00  User=0.00 Sys=0.00 Mem=0.012 GB
+------------------------------------------------------------------------+
|                           ICV_Compare Summary                          |
+------------------------------------------------------------------------+

    Categorized by pass or fail: 

        1 passed equivalence point(s): 
            fulladd == fulladd  (level 0)


0 blackbox cells checked:
    0 passed
    0 failed

1 equivalence points checked:
    1 passed
    0 failed
Final Comparison Result:PASS

LVS compare end time      : 2023-06-05 15:48:41
Total runtime for LVS compare Time=0:00:01  User=0.02 Sys=0.03 Mem=0.017 GB
