
                                  PYDB_Server 

         Version Q-2019.12-SP1-1 for linux64 - Feb 24, 2020 cl#5351723

                    Copyright (c) 2007 - 2020 Synopsys, Inc.
   This software and the associated documentation are proprietary to Synopsys,
 Inc. This software may only be used in accordance with the terms and conditions
 of a written license agreement with Synopsys, Inc. All other use, reproduction,
            or distribution of this software is strictly prohibited.

variable width coordinate support enabled.
Removing old database /DCNFS/users/student/mpang/ELEN153/synopsys_custom/pvjob_lab4.NMOS.icv.lvs/TOPCELLNAME_err/PYDB_NMOS
Listening for connections on port 8221
PYDB_Server Started on host linux400512.dc.engr.scu.edu, Mon 05/08/2023 16:34:56
Client linux400512(22800):12 connected (1 total client)
Verified current licenses.
SQLite page_size=65536
SQLite cache_size=65536
SQLite mmap_size=0
SQLite journal_mode=OFF
SQLite version 3.24.0
Client linux400512(22875):18 connected (2 total clients)
Client linux400512(22874):19 connected (3 total clients)
Client linux400512(22874):19 connection closed
Client linux400512(22874):19 disconnected (2 clients remain)
Client linux400512(22874):19 connected (3 total clients)
Client linux400512(22875):18 connection closed
Client linux400512(22875):18 disconnected (2 clients remain)
Client linux400512(22875):18 connected (3 total clients)
Client linux400512(22875):18 connection closed
Client linux400512(22875):18 disconnected (2 clients remain)
Client linux400512(22875):18 connected (3 total clients)
Client linux400512(22874):19 connection closed
Client linux400512(22874):19 disconnected (2 clients remain)
Client linux400512(22874):19 connected (3 total clients)
Client linux400512(22874):19 connection closed
Client linux400512(22874):19 disconnected (2 clients remain)
Client linux400512(22875):18 connection closed
Client linux400512(22875):18 disconnected (1 client remains)
Generating /DCNFS/users/student/mpang/ELEN153/synopsys_custom/pvjob_lab4.NMOS.icv.lvs/NMOS.LAYOUT_ERRORS
  Generation Time=0:00:00  User=0.00 Sys=0.00 Mem=0.001 GB
Shutdown requested by client linux400512(22800):12
0 clients remain connected
Client linux400512(22800):12 connection closed
Overall server Time=0:00:16  User=0.01 Sys=0.02 Mem=0.001 GB SQLite=0.005 GB Unpooled=0.000 GB

                                  PYDB_Server 

         Version Q-2019.12-SP1-1 for linux64 - Feb 24, 2020 cl#5351723

                    Copyright (c) 2007 - 2020 Synopsys, Inc.
   This software and the associated documentation are proprietary to Synopsys,
 Inc. This software may only be used in accordance with the terms and conditions
 of a written license agreement with Synopsys, Inc. All other use, reproduction,
            or distribution of this software is strictly prohibited.

variable width coordinate support enabled.
Listening for connections on port 8050
PYDB_Server Started on host linux400512, Mon 05/08/2023 16:35:13
Client linux400512(23246):6 connected (1 total client)
Verified current licenses.
SQLite page_size=65536
SQLite cache_size=65536
SQLite mmap_size=0
SQLite journal_mode=OFF
SQLite version 3.24.0
Shutdown requested by client linux400512(23246):6
0 clients remain connected
Client linux400512(23246):6 connection closed
Overall server Time=0:00:14  User=0.01 Sys=0.00 Mem=0.000 GB SQLite=0.001 GB Unpooled=0.000 GB
