[15:15:45.72] /o sae_shell Version Custom Compiler P-2019.06-SP1-7
              /c Build  (OPT) compiled on Thu Feb 13 14:05:50 2020 for RHEL64 6.6
              /c Execution time: Mon May 22 15:15:40 2023
              /c Host: linux400512
              /c 
              /c Copyright © 2004-2020 Synopsys, Inc.
              /c This software and the associated documentation are proprietary to Synopsys, Inc. This software may only be used in accordance with the terms and conditions of a written license agreement with Synopsys, Inc. All other use, reproduction, or distribution of this software is strictly prohibited.
              /c 
              /c 
[15:15:45.79] /o /DCNFS/applications/synopsys/2019/app/customcompiler/P-2019.06-SP1-7/auxx/samples/basic
[15:15:45.79] /o /DCNFS/applications/synopsys/2019/app/customcompiler/P-2019.06-SP1-7/auxx/samples/snpsDeviceLib
[15:15:45.79] /o /DCNFS/applications/synopsys/2019/app/customcompiler/P-2019.06-SP1-7/auxx/samples/analogLib
[15:15:45.79] /o /DCNFS/applications/synopsys/2019/app/customcompiler/P-2019.06-SP1-7/auxx/samples/parasitics
[15:15:45.91] /o /DCNFS/applications/synopsys/2019/app/SAED/SAED_PDK90nm/SAED_PDK_90
[15:15:45.92] /o 	############################################
[15:15:45.92] /o 	        Synopsys Generic 90nm iPDK          
[15:15:45.92] /o 	--------------------------------------------
[15:15:45.92] /o 	Release Date .............. : 11-May-2016    
[15:15:45.92] /o 	============================================
[15:15:45.92] /o 	        Recommended Tool Versions           
[15:15:45.92] /o 	--------------------------------------------
[15:15:45.92] /o 	Custom Designer ........... : J-2014.12-2    
[15:15:45.92] /o 	IC Validator .............. : K-2015.12   
[15:15:45.92] /o 	StarRC..................... : K-2015.12  
[15:15:45.92] /o 	--------------------------------------------
[15:15:45.92] /o 	############################################
[15:15:45.92] /o 
[15:15:45.94] /o SAED PDK 90: Loaded callbacks
[15:15:45.94] /o SAED PDK 90: Loaded display resources
[15:15:45.95] /i ::sa::_backgroundSaeShell::signalProcessReady 1684793738
[15:15:45.95] /o saeInterBGSaeShell:  ::sa::_backgroundSaeShell::processReady 7
[15:20:46.97] /o saeInterBGSaeShell:  ::sa::_backgroundSaeShell::pingBack
[15:20:47.16] /i ::sa::_backgroundSaeShell::parentRunning
[15:20:47.16] /o 1684794047
[15:22:44.56] /i ::sa::_backgroundSaeShell::runScript /DCNFS/users/student/mpang/simulation/Fourbit,testbenchschematic,schematic/history_1/simulation/default/HSPICE/nominal/.bg_measurement_script.tcl sa::_resultsDatabase::saeShellProcessingCompletedProc testSuiteName saeSession0 testbenchName default resultsDir /DCNFS/users/student/mpang/simulation/Fourbit,testbenchschematic,schematic/history_1/simulation/default/HSPICE/nominal/results testSuiteDir /DCNFS/users/student/mpang/simulation/Fourbit,testbenchschematic,schematic/history_1/simulation/default/HSPICE/nominal databaseName /DCNFS/users/student/mpang/simulation/Fourbit,testbenchschematic,schematic/history_1/simulation/default/HSPICE/nominal/resultsDatabase remoteRun {} testbenchId 1 saveImages true
[15:22:44.96] /m Information: Start incremental database creation...
[15:22:44.99] /m Information: Re-evaluating the failed expression 'v(/A0)'
[15:22:45.00] /m Information: Re-evaluating the failed expression 'v(/A1)'
[15:22:45.00] /m Information: Re-evaluating the failed expression 'v(/A2)'
[15:22:45.00] /m Information: Re-evaluating the failed expression 'v(/A3)'
[15:22:45.00] /m Information: Re-evaluating the failed expression 'v(/B0)'
[15:22:45.00] /m Information: Re-evaluating the failed expression 'v(/B1)'
[15:22:45.00] /m Information: Re-evaluating the failed expression 'v(/B2)'
[15:22:45.01] /m Information: Re-evaluating the failed expression 'v(/B3)'
[15:22:45.01] /m Information: Re-evaluating the failed expression 'v(/Cin)'
[15:22:45.01] /m Information: Re-evaluating the failed expression 'v(/Cout)'
[15:22:45.01] /m Information: Re-evaluating the failed expression 'v(/S0)'
[15:22:45.01] /m Information: Re-evaluating the failed expression 'v(/S1)'
[15:22:45.01] /m Information: Re-evaluating the failed expression 'v(/S2)'
[15:22:45.01] /m Information: Re-evaluating the failed expression 'v(/S3)'
[15:22:45.04] /o saeInterBGSaeShell:  ::sa::_backgroundSaeShell::scriptFinished 0.4 {} sa::_resultsDatabase::saeShellProcessingCompletedProc testSuiteName saeSession0 testbenchName default resultsDir /DCNFS/users/student/mpang/simulation/Fourbit,testbenchschematic,schematic/history_1/simulation/default/HSPICE/nominal/results testSuiteDir /DCNFS/users/student/mpang/simulation/Fourbit,testbenchschematic,schematic/history_1/simulation/default/HSPICE/nominal databaseName /DCNFS/users/student/mpang/simulation/Fourbit,testbenchschematic,schematic/history_1/simulation/default/HSPICE/nominal/resultsDatabase remoteRun {} testbenchId 1 saveImages true
[15:22:45.04] /o false
[15:23:45.52] /i ::sa::_backgroundSaeShell::runScript /DCNFS/users/student/mpang/simulation/Fourbit,testbenchschematic,schematic/history_1/simulation/default/HSPICE/nominal/.bg_measurement_script.tcl sa::_resultsDatabase::saeShellProcessingCompletedProc testSuiteName saeSession0 testbenchName default resultsDir /DCNFS/users/student/mpang/simulation/Fourbit,testbenchschematic,schematic/history_1/simulation/default/HSPICE/nominal/results testSuiteDir /DCNFS/users/student/mpang/simulation/Fourbit,testbenchschematic,schematic/history_1/simulation/default/HSPICE/nominal databaseName /DCNFS/users/student/mpang/simulation/Fourbit,testbenchschematic,schematic/history_1/simulation/default/HSPICE/nominal/resultsDatabase remoteRun {} testbenchId 1 saveImages true
[15:23:45.86] /m Information: Start incremental database creation...
[15:23:45.91] /o saeInterBGSaeShell:  ::sa::_backgroundSaeShell::scriptFinished 0.3 {} sa::_resultsDatabase::saeShellProcessingCompletedProc testSuiteName saeSession0 testbenchName default resultsDir /DCNFS/users/student/mpang/simulation/Fourbit,testbenchschematic,schematic/history_1/simulation/default/HSPICE/nominal/results testSuiteDir /DCNFS/users/student/mpang/simulation/Fourbit,testbenchschematic,schematic/history_1/simulation/default/HSPICE/nominal databaseName /DCNFS/users/student/mpang/simulation/Fourbit,testbenchschematic,schematic/history_1/simulation/default/HSPICE/nominal/resultsDatabase remoteRun {} testbenchId 1 saveImages true
[15:23:45.91] /o false
[15:26:36.49] /i ::sa::_backgroundSaeShell::runScript /DCNFS/users/student/mpang/simulation/Fourbit,testbenchschematic,schematic/history_1/simulation/default/HSPICE/nominal/.bg_measurement_script.tcl sa::_resultsDatabase::saeShellProcessingCompletedProc testSuiteName saeSession0 testbenchName default resultsDir /DCNFS/users/student/mpang/simulation/Fourbit,testbenchschematic,schematic/history_1/simulation/default/HSPICE/nominal/results testSuiteDir /DCNFS/users/student/mpang/simulation/Fourbit,testbenchschematic,schematic/history_1/simulation/default/HSPICE/nominal databaseName /DCNFS/users/student/mpang/simulation/Fourbit,testbenchschematic,schematic/history_1/simulation/default/HSPICE/nominal/resultsDatabase remoteRun {} testbenchId 1 saveImages true
[15:26:37.39] /m Information: Start incremental database creation...
[15:26:37.46] /m Information: Started sharing "Custom WaveView ADV" license. (WAVEFORM-110)
[15:26:37.80] /o saeInterBGSaeShell:  ::sa::_backgroundSaeShell::scriptFinished 1.3 {} sa::_resultsDatabase::saeShellProcessingCompletedProc testSuiteName saeSession0 testbenchName default resultsDir /DCNFS/users/student/mpang/simulation/Fourbit,testbenchschematic,schematic/history_1/simulation/default/HSPICE/nominal/results testSuiteDir /DCNFS/users/student/mpang/simulation/Fourbit,testbenchschematic,schematic/history_1/simulation/default/HSPICE/nominal databaseName /DCNFS/users/student/mpang/simulation/Fourbit,testbenchschematic,schematic/history_1/simulation/default/HSPICE/nominal/resultsDatabase remoteRun {} testbenchId 1 saveImages true
[15:26:37.80] /o false
[15:31:39.00] /o saeInterBGSaeShell:  ::sa::_backgroundSaeShell::pingBack
[15:31:39.06] /i ::sa::_backgroundSaeShell::parentRunning
[15:31:39.06] /o 1684794699
[15:31:42.76] /m Information: Stopped sharing "Custom WaveView ADV" license. (WAVEFORM-111)
[15:32:59.17] /i ::wf::viewerExited
[15:35:06.53] /i ::sa::_backgroundSaeShell::runScript /DCNFS/users/student/mpang/simulation/Fourbit,testbenchschematic,schematic/history_1/simulation/default/HSPICE/nominal/.bg_measurement_script.tcl sa::_resultsDatabase::saeShellProcessingCompletedProc testSuiteName saeSession0 testbenchName default resultsDir /DCNFS/users/student/mpang/simulation/Fourbit,testbenchschematic,schematic/history_1/simulation/default/HSPICE/nominal/results testSuiteDir /DCNFS/users/student/mpang/simulation/Fourbit,testbenchschematic,schematic/history_1/simulation/default/HSPICE/nominal databaseName /DCNFS/users/student/mpang/simulation/Fourbit,testbenchschematic,schematic/history_1/simulation/default/HSPICE/nominal/resultsDatabase remoteRun {} testbenchId 1 saveImages true
[15:35:07.45] /m Information: Start incremental database creation...
[15:35:07.78] /m Information: Started sharing "Custom WaveView ADV" license. (WAVEFORM-110)
[15:35:07.93] /o saeInterBGSaeShell:  ::sa::_backgroundSaeShell::scriptFinished 1.4 {} sa::_resultsDatabase::saeShellProcessingCompletedProc testSuiteName saeSession0 testbenchName default resultsDir /DCNFS/users/student/mpang/simulation/Fourbit,testbenchschematic,schematic/history_1/simulation/default/HSPICE/nominal/results testSuiteDir /DCNFS/users/student/mpang/simulation/Fourbit,testbenchschematic,schematic/history_1/simulation/default/HSPICE/nominal databaseName /DCNFS/users/student/mpang/simulation/Fourbit,testbenchschematic,schematic/history_1/simulation/default/HSPICE/nominal/resultsDatabase remoteRun {} testbenchId 1 saveImages true
[15:35:07.93] /o false
[15:40:08.04] /o saeInterBGSaeShell:  ::sa::_backgroundSaeShell::pingBack
[15:40:08.16] /i ::sa::_backgroundSaeShell::parentRunning
[15:40:08.16] /o 1684795208
[15:40:12.76] /m Information: Stopped sharing "Custom WaveView ADV" license. (WAVEFORM-111)
[15:41:20.07] /i ::wf::viewerExited
[15:41:46.88] /i ::sa::_backgroundSaeShell::exit
[15:41:46.88] /o saeInterBGSaeShell:  ::sa::_backgroundSaeShell::childFormallyExiting
