[15:08:58.15] /o sae_shell Version Custom Compiler P-2019.06-SP1-7
              /c Build  (OPT) compiled on Thu Feb 13 14:05:50 2020 for RHEL64 6.6
              /c Execution time: Mon Apr 10 15:08:54 2023
              /c Host: linux400512
              /c 
              /c Copyright © 2004-2020 Synopsys, Inc.
              /c This software and the associated documentation are proprietary to Synopsys, Inc. This software may only be used in accordance with the terms and conditions of a written license agreement with Synopsys, Inc. All other use, reproduction, or distribution of this software is strictly prohibited.
              /c 
              /c 
[15:08:58.22] /o /DCNFS/applications/synopsys/2019/app/customcompiler/P-2019.06-SP1-7/auxx/samples/basic
[15:08:58.22] /o /DCNFS/applications/synopsys/2019/app/customcompiler/P-2019.06-SP1-7/auxx/samples/snpsDeviceLib
[15:08:58.22] /o /DCNFS/applications/synopsys/2019/app/customcompiler/P-2019.06-SP1-7/auxx/samples/analogLib
[15:08:58.22] /o /DCNFS/applications/synopsys/2019/app/customcompiler/P-2019.06-SP1-7/auxx/samples/parasitics
[15:08:58.33] /o /DCNFS/applications/synopsys/2019/app/SAED/SAED_PDK90nm/SAED_PDK_90
[15:08:58.34] /o 	############################################
[15:08:58.34] /o 	        Synopsys Generic 90nm iPDK          
[15:08:58.34] /o 	--------------------------------------------
[15:08:58.34] /o 	Release Date .............. : 11-May-2016    
[15:08:58.34] /o 	============================================
[15:08:58.34] /o 	        Recommended Tool Versions           
[15:08:58.34] /o 	--------------------------------------------
[15:08:58.34] /o 	Custom Designer ........... : J-2014.12-2    
[15:08:58.34] /o 	IC Validator .............. : K-2015.12   
[15:08:58.34] /o 	StarRC..................... : K-2015.12  
[15:08:58.34] /o 	--------------------------------------------
[15:08:58.34] /o 	############################################
[15:08:58.34] /o 
[15:08:58.36] /o SAED PDK 90: Loaded callbacks
[15:08:58.36] /o SAED PDK 90: Loaded display resources
[15:08:58.37] /i ::sa::_backgroundSaeShell::signalProcessReady 1681164533
[15:08:58.37] /o saeInterBGSaeShell:  ::sa::_backgroundSaeShell::processReady 5
[15:13:59.39] /o saeInterBGSaeShell:  ::sa::_backgroundSaeShell::pingBack
[15:13:59.56] /i ::sa::_backgroundSaeShell::parentRunning
[15:13:59.56] /o 1681164839
[15:19:00.41] /o saeInterBGSaeShell:  ::sa::_backgroundSaeShell::pingBack
[15:19:00.56] /i ::sa::_backgroundSaeShell::parentRunning
[15:19:00.56] /o 1681165140
[15:24:01.43] /o saeInterBGSaeShell:  ::sa::_backgroundSaeShell::pingBack
[15:24:01.56] /i ::sa::_backgroundSaeShell::parentRunning
[15:24:01.56] /o 1681165441
[15:25:42.87] /i ::wf::viewerExited
[15:29:02.45] /o saeInterBGSaeShell:  ::sa::_backgroundSaeShell::pingBack
[15:29:02.46] /i ::sa::_backgroundSaeShell::parentRunning
[15:29:02.46] /o 1681165742
[15:33:25.37] /i ::wf::viewerExited
[15:34:03.47] /o saeInterBGSaeShell:  ::sa::_backgroundSaeShell::pingBack
[15:34:03.66] /i ::sa::_backgroundSaeShell::parentRunning
[15:34:03.66] /o 1681166043
[15:39:04.49] /o saeInterBGSaeShell:  ::sa::_backgroundSaeShell::pingBack
[15:39:04.66] /i ::sa::_backgroundSaeShell::parentRunning
[15:39:04.66] /o 1681166344
[15:44:05.51] /o saeInterBGSaeShell:  ::sa::_backgroundSaeShell::pingBack
[15:44:05.66] /i ::sa::_backgroundSaeShell::parentRunning
[15:44:05.66] /o 1681166645
[15:49:06.53] /o saeInterBGSaeShell:  ::sa::_backgroundSaeShell::pingBack
[15:49:06.66] /i ::sa::_backgroundSaeShell::parentRunning
[15:49:06.66] /o 1681166946
[15:54:07.55] /o saeInterBGSaeShell:  ::sa::_backgroundSaeShell::pingBack
[15:54:07.66] /i ::sa::_backgroundSaeShell::parentRunning
[15:54:07.66] /o 1681167247
[15:59:08.57] /o saeInterBGSaeShell:  ::sa::_backgroundSaeShell::pingBack
[15:59:08.76] /i ::sa::_backgroundSaeShell::parentRunning
[15:59:08.76] /o 1681167548
[16:04:09.59] /o saeInterBGSaeShell:  ::sa::_backgroundSaeShell::pingBack
[16:04:09.76] /i ::sa::_backgroundSaeShell::parentRunning
[16:04:09.76] /o 1681167849
[16:05:54.77] /i ::wf::viewerExited
[16:09:10.61] /o saeInterBGSaeShell:  ::sa::_backgroundSaeShell::pingBack
[16:09:10.66] /i ::sa::_backgroundSaeShell::parentRunning
[16:09:10.66] /o 1681168150
[16:14:11.63] /o saeInterBGSaeShell:  ::sa::_backgroundSaeShell::pingBack
[16:14:11.76] /i ::sa::_backgroundSaeShell::parentRunning
[16:14:11.76] /o 1681168451
[16:19:12.65] /o saeInterBGSaeShell:  ::sa::_backgroundSaeShell::pingBack
[16:19:12.76] /i ::sa::_backgroundSaeShell::parentRunning
[16:19:12.76] /o 1681168752
[16:24:13.67] /o saeInterBGSaeShell:  ::sa::_backgroundSaeShell::pingBack
[16:24:13.86] /i ::sa::_backgroundSaeShell::parentRunning
[16:24:13.86] /o 1681169053
[16:25:12.18] /i ::wf::viewerExited
[16:29:14.69] /o saeInterBGSaeShell:  ::sa::_backgroundSaeShell::pingBack
[16:29:14.86] /i ::sa::_backgroundSaeShell::parentRunning
[16:29:14.86] /o 1681169354
[16:34:15.71] /o saeInterBGSaeShell:  ::sa::_backgroundSaeShell::pingBack
[16:34:15.86] /i ::sa::_backgroundSaeShell::parentRunning
[16:34:15.86] /o 1681169655
[16:39:16.73] /o saeInterBGSaeShell:  ::sa::_backgroundSaeShell::pingBack
[16:39:16.86] /i ::sa::_backgroundSaeShell::parentRunning
[16:39:16.86] /o 1681169956
[16:44:17.75] /o saeInterBGSaeShell:  ::sa::_backgroundSaeShell::pingBack
[16:44:17.86] /i ::sa::_backgroundSaeShell::parentRunning
[16:44:17.86] /o 1681170257
[16:44:40.06] /o Information: Received "Terminate" signal. Sending  PID: 30469 UID: 3550 Username: "mpang" Process name: "/DCNFS/applications/synopsys/2019/app/customcompiler/P-2019.06-SP1-7/linux64/platform/bin/ipc_wrapper". Process is terminated.
              /c signal number = 15
              /c Stack Dump: VERSION P-2019.06-SP1-7 CONFIG 5329942 DATE Mon Apr 10 15:08:54 2023
              /c Frame 0. libc.so.6: __poll + 0x24
              /c Frame 1. sae_shell: poll + 0x61
              /c Frame 2. /lib64/libglib-2.0.so.0 ::7acb9d53fc + 0x43c
              /c Frame 3. libglib-2.0.so.0: g_main_context_iteration + 0x2c
              /c Frame 4. QEventDispatcherGlib::processEvents(QFlags<QEventLoop::ProcessEventsFlag>) + 0x6a
              /c Frame 5. QEventLoop::exec(QFlags<QEventLoop::ProcessEventsFlag>) + 0xea
              /c Frame 6. QCoreApplication::exec() + 0x8d
              /c Frame 7. 0x13139d2 SNPSee_3cb5a937433b5647dfd0ba220bc88c363f9edc9e424f5618e629fa54920aaa2d42181fc4e419a971bdba91f3b1089c26 + 0xa2
              /c Frame 8. sae_shell: main + 0x6a
              /c Frame 9. libc.so.6: __libc_start_main + 0xf5
              /c Frame 10. /DCNFS/applications/synopsys/2019/app/customcompiler/P-2019.06-SP1-7/linux64/platform/bin/sae_shell ::0x1308a75 + 0x29
[16:44:41.41] /e Error: The application was unexpectedly terminated.
              /c See the session log file for recovery details. (SHUT_DOWN-001)
