[15:10:50.56] /o sae_shell Version Custom Compiler P-2019.06-SP1-7
              /c Build  (OPT) compiled on Thu Feb 13 14:05:50 2020 for RHEL64 6.6
              /c Execution time: Mon Apr 17 15:10:45 2023
              /c Host: linux400513
              /c 
              /c Copyright © 2004-2020 Synopsys, Inc.
              /c This software and the associated documentation are proprietary to Synopsys, Inc. This software may only be used in accordance with the terms and conditions of a written license agreement with Synopsys, Inc. All other use, reproduction, or distribution of this software is strictly prohibited.
              /c 
              /c 
[15:10:50.63] /o /DCNFS/applications/synopsys/2019/app/customcompiler/P-2019.06-SP1-7/auxx/samples/basic
[15:10:50.63] /o /DCNFS/applications/synopsys/2019/app/customcompiler/P-2019.06-SP1-7/auxx/samples/snpsDeviceLib
[15:10:50.63] /o /DCNFS/applications/synopsys/2019/app/customcompiler/P-2019.06-SP1-7/auxx/samples/analogLib
[15:10:50.64] /o /DCNFS/applications/synopsys/2019/app/customcompiler/P-2019.06-SP1-7/auxx/samples/parasitics
[15:10:50.75] /o /DCNFS/applications/synopsys/2019/app/SAED/SAED_PDK90nm/SAED_PDK_90
[15:10:50.76] /o 	############################################
[15:10:50.76] /o 	        Synopsys Generic 90nm iPDK          
[15:10:50.76] /o 	--------------------------------------------
[15:10:50.76] /o 	Release Date .............. : 11-May-2016    
[15:10:50.76] /o 	============================================
[15:10:50.76] /o 	        Recommended Tool Versions           
[15:10:50.76] /o 	--------------------------------------------
[15:10:50.76] /o 	Custom Designer ........... : J-2014.12-2    
[15:10:50.76] /o 	IC Validator .............. : K-2015.12   
[15:10:50.76] /o 	StarRC..................... : K-2015.12  
[15:10:50.76] /o 	--------------------------------------------
[15:10:50.76] /o 	############################################
[15:10:50.76] /o 
[15:10:50.78] /o SAED PDK 90: Loaded callbacks
[15:10:50.78] /o SAED PDK 90: Loaded display resources
[15:10:50.79] /i ::sa::_backgroundSaeShell::signalProcessReady 1681769445
[15:10:50.79] /o saeInterBGSaeShell:  ::sa::_backgroundSaeShell::processReady 5
[15:13:47.06] /i ::sa::_backgroundSaeShell::runScript /DCNFS/users/student/mpang/simulation/lab2,testbench_inverter,schematic/history_1/simulation/default/HSPICE/nominal/.bg_measurement_script.tcl sa::_resultsDatabase::saeShellProcessingCompletedProc testSuiteName saeSession2 testbenchName default resultsDir /DCNFS/users/student/mpang/simulation/lab2,testbench_inverter,schematic/history_1/simulation/default/HSPICE/nominal/results testSuiteDir /DCNFS/users/student/mpang/simulation/lab2,testbench_inverter,schematic/history_1/simulation/default/HSPICE/nominal databaseName /DCNFS/users/student/mpang/simulation/lab2,testbench_inverter,schematic/history_1/simulation/default/HSPICE/nominal/resultsDatabase remoteRun {} testbenchId 1 saveImages true
[15:13:47.84] /m Information: Start incremental database creation...
[15:13:47.91] /m Information: Started sharing "Custom WaveView ADV" license. (WAVEFORM-110)
[15:13:48.03] /o saeInterBGSaeShell:  ::sa::_backgroundSaeShell::scriptFinished 0.9 {} sa::_resultsDatabase::saeShellProcessingCompletedProc testSuiteName saeSession2 testbenchName default resultsDir /DCNFS/users/student/mpang/simulation/lab2,testbench_inverter,schematic/history_1/simulation/default/HSPICE/nominal/results testSuiteDir /DCNFS/users/student/mpang/simulation/lab2,testbench_inverter,schematic/history_1/simulation/default/HSPICE/nominal databaseName /DCNFS/users/student/mpang/simulation/lab2,testbench_inverter,schematic/history_1/simulation/default/HSPICE/nominal/resultsDatabase remoteRun {} testbenchId 1 saveImages true
[15:13:48.03] /o false
[15:15:09.23] /i ::sa::_backgroundSaeShell::runScript /DCNFS/users/student/mpang/simulation/lab2,testbench_inverter,schematic/history_1/simulation/default/HSPICE/nominal/.bg_measurement_script.tcl sa::_resultsDatabase::saeShellProcessingCompletedProc testSuiteName saeSession2 testbenchName default resultsDir /DCNFS/users/student/mpang/simulation/lab2,testbench_inverter,schematic/history_1/simulation/default/HSPICE/nominal/results testSuiteDir /DCNFS/users/student/mpang/simulation/lab2,testbench_inverter,schematic/history_1/simulation/default/HSPICE/nominal databaseName /DCNFS/users/student/mpang/simulation/lab2,testbench_inverter,schematic/history_1/simulation/default/HSPICE/nominal/resultsDatabase remoteRun {} testbenchId 1 saveImages true
[15:15:09.57] /m Information: Start incremental database creation...
[15:15:09.68] /o saeInterBGSaeShell:  ::sa::_backgroundSaeShell::scriptFinished 0.4 {} sa::_resultsDatabase::saeShellProcessingCompletedProc testSuiteName saeSession2 testbenchName default resultsDir /DCNFS/users/student/mpang/simulation/lab2,testbench_inverter,schematic/history_1/simulation/default/HSPICE/nominal/results testSuiteDir /DCNFS/users/student/mpang/simulation/lab2,testbench_inverter,schematic/history_1/simulation/default/HSPICE/nominal databaseName /DCNFS/users/student/mpang/simulation/lab2,testbench_inverter,schematic/history_1/simulation/default/HSPICE/nominal/resultsDatabase remoteRun {} testbenchId 1 saveImages true
[15:15:09.68] /o false
[15:20:10.82] /o saeInterBGSaeShell:  ::sa::_backgroundSaeShell::pingBack
[15:20:10.96] /i ::sa::_backgroundSaeShell::parentRunning
[15:20:10.96] /o 1681770010
[15:20:14.76] /m Information: Stopped sharing "Custom WaveView ADV" license. (WAVEFORM-111)
[15:25:11.84] /o saeInterBGSaeShell:  ::sa::_backgroundSaeShell::pingBack
[15:25:11.96] /i ::sa::_backgroundSaeShell::parentRunning
[15:25:11.96] /o 1681770311
[15:30:12.86] /o saeInterBGSaeShell:  ::sa::_backgroundSaeShell::pingBack
[15:30:13.06] /i ::sa::_backgroundSaeShell::parentRunning
[15:30:13.06] /o 1681770613
[15:32:56.77] /i ::wf::viewerExited
[15:33:10.67] /i ::sa::_backgroundSaeShell::exit
[15:33:10.67] /o saeInterBGSaeShell:  ::sa::_backgroundSaeShell::childFormallyExiting
