[15:25:28.28] /o sae_shell Version Custom Compiler P-2019.06-SP1-7
              /c Build  (OPT) compiled on Thu Feb 13 14:05:50 2020 for RHEL64 6.6
              /c Execution time: Mon Apr 10 15:25:23 2023
              /c Host: linux400512
              /c 
              /c Copyright © 2004-2020 Synopsys, Inc.
              /c This software and the associated documentation are proprietary to Synopsys, Inc. This software may only be used in accordance with the terms and conditions of a written license agreement with Synopsys, Inc. All other use, reproduction, or distribution of this software is strictly prohibited.
              /c 
              /c 
[15:25:28.34] /o /DCNFS/applications/synopsys/2019/app/customcompiler/P-2019.06-SP1-7/auxx/samples/basic
[15:25:28.34] /o /DCNFS/applications/synopsys/2019/app/customcompiler/P-2019.06-SP1-7/auxx/samples/snpsDeviceLib
[15:25:28.35] /o /DCNFS/applications/synopsys/2019/app/customcompiler/P-2019.06-SP1-7/auxx/samples/analogLib
[15:25:28.35] /o /DCNFS/applications/synopsys/2019/app/customcompiler/P-2019.06-SP1-7/auxx/samples/parasitics
[15:25:28.49] /o /DCNFS/applications/synopsys/2019/app/SAED/SAED_PDK90nm/SAED_PDK_90
[15:25:28.49] /o 	############################################
[15:25:28.49] /o 	        Synopsys Generic 90nm iPDK          
[15:25:28.49] /o 	--------------------------------------------
[15:25:28.49] /o 	Release Date .............. : 11-May-2016    
[15:25:28.49] /o 	============================================
[15:25:28.49] /o 	        Recommended Tool Versions           
[15:25:28.49] /o 	--------------------------------------------
[15:25:28.49] /o 	Custom Designer ........... : J-2014.12-2    
[15:25:28.49] /o 	IC Validator .............. : K-2015.12   
[15:25:28.49] /o 	StarRC..................... : K-2015.12  
[15:25:28.49] /o 	--------------------------------------------
[15:25:28.49] /o 	############################################
[15:25:28.49] /o 
[15:25:28.52] /o SAED PDK 90: Loaded callbacks
[15:25:28.52] /o SAED PDK 90: Loaded display resources
[15:25:28.53] /i ::sa::_backgroundSaeShell::signalProcessReady 1681165523
[15:25:28.53] /o saeInterBGSaeShell:  ::sa::_backgroundSaeShell::processReady 5
[15:25:42.87] /i ::wf::viewerExited
[15:27:52.30] /i ::sa::_backgroundSaeShell::exit
[15:27:52.30] /o saeInterBGSaeShell:  ::sa::_backgroundSaeShell::childFormallyExiting
