[16:10:46.44] /o sae_shell Version Custom Compiler P-2019.06-SP1-7
              /c Build  (OPT) compiled on Thu Feb 13 14:05:50 2020 for RHEL64 6.6
              /c Execution time: Mon Apr 17 16:10:41 2023
              /c Host: linux400513
              /c 
              /c Copyright © 2004-2020 Synopsys, Inc.
              /c This software and the associated documentation are proprietary to Synopsys, Inc. This software may only be used in accordance with the terms and conditions of a written license agreement with Synopsys, Inc. All other use, reproduction, or distribution of this software is strictly prohibited.
              /c 
              /c 
[16:10:46.50] /o /DCNFS/applications/synopsys/2019/app/customcompiler/P-2019.06-SP1-7/auxx/samples/basic
[16:10:46.50] /o /DCNFS/applications/synopsys/2019/app/customcompiler/P-2019.06-SP1-7/auxx/samples/snpsDeviceLib
[16:10:46.50] /o /DCNFS/applications/synopsys/2019/app/customcompiler/P-2019.06-SP1-7/auxx/samples/analogLib
[16:10:46.51] /o /DCNFS/applications/synopsys/2019/app/customcompiler/P-2019.06-SP1-7/auxx/samples/parasitics
[16:10:46.62] /o /DCNFS/applications/synopsys/2019/app/SAED/SAED_PDK90nm/SAED_PDK_90
[16:10:46.62] /o 	############################################
[16:10:46.62] /o 	        Synopsys Generic 90nm iPDK          
[16:10:46.62] /o 	--------------------------------------------
[16:10:46.62] /o 	Release Date .............. : 11-May-2016    
[16:10:46.62] /o 	============================================
[16:10:46.62] /o 	        Recommended Tool Versions           
[16:10:46.62] /o 	--------------------------------------------
[16:10:46.62] /o 	Custom Designer ........... : J-2014.12-2    
[16:10:46.62] /o 	IC Validator .............. : K-2015.12   
[16:10:46.62] /o 	StarRC..................... : K-2015.12  
[16:10:46.62] /o 	--------------------------------------------
[16:10:46.62] /o 	############################################
[16:10:46.62] /o 
[16:10:46.64] /o SAED PDK 90: Loaded callbacks
[16:10:46.64] /o SAED PDK 90: Loaded display resources
[16:10:46.65] /i ::sa::_backgroundSaeShell::signalProcessReady 1681773041
[16:10:46.65] /o saeInterBGSaeShell:  ::sa::_backgroundSaeShell::processReady 5
[16:12:10.67] /i ::sa::_backgroundSaeShell::runScript /DCNFS/users/student/mpang/simulation/lab2,testbench_inverter,schematic/history_1/simulation/default/HSPICE/nominal/.bg_measurement_script.tcl sa::_resultsDatabase::saeShellProcessingCompletedProc testSuiteName saeSession6 testbenchName default resultsDir /DCNFS/users/student/mpang/simulation/lab2,testbench_inverter,schematic/history_1/simulation/default/HSPICE/nominal/results testSuiteDir /DCNFS/users/student/mpang/simulation/lab2,testbench_inverter,schematic/history_1/simulation/default/HSPICE/nominal databaseName /DCNFS/users/student/mpang/simulation/lab2,testbench_inverter,schematic/history_1/simulation/default/HSPICE/nominal/resultsDatabase remoteRun {} testbenchId 1 saveImages true
[16:12:10.95] /m Information: Start incremental database creation...
[16:12:10.99] /o saeInterBGSaeShell:  ::sa::_backgroundSaeShell::scriptFinished 0.3 {} sa::_resultsDatabase::saeShellProcessingCompletedProc testSuiteName saeSession6 testbenchName default resultsDir /DCNFS/users/student/mpang/simulation/lab2,testbench_inverter,schematic/history_1/simulation/default/HSPICE/nominal/results testSuiteDir /DCNFS/users/student/mpang/simulation/lab2,testbench_inverter,schematic/history_1/simulation/default/HSPICE/nominal databaseName /DCNFS/users/student/mpang/simulation/lab2,testbench_inverter,schematic/history_1/simulation/default/HSPICE/nominal/resultsDatabase remoteRun {} testbenchId 1 saveImages true
[16:12:10.99] /o false
[16:13:34.79] /i ::sa::_backgroundSaeShell::runScript /DCNFS/users/student/mpang/simulation/lab2,testbench_inverter,schematic/history_1/simulation/default/HSPICE/nominal/.bg_measurement_script.tcl sa::_resultsDatabase::saeShellProcessingCompletedProc testSuiteName saeSession6 testbenchName default resultsDir /DCNFS/users/student/mpang/simulation/lab2,testbench_inverter,schematic/history_1/simulation/default/HSPICE/nominal/results testSuiteDir /DCNFS/users/student/mpang/simulation/lab2,testbench_inverter,schematic/history_1/simulation/default/HSPICE/nominal databaseName /DCNFS/users/student/mpang/simulation/lab2,testbench_inverter,schematic/history_1/simulation/default/HSPICE/nominal/resultsDatabase remoteRun {} testbenchId 1 saveImages true
[16:13:35.00] /m Information: Start incremental database creation...
[16:13:35.04] /o saeInterBGSaeShell:  ::sa::_backgroundSaeShell::scriptFinished 0.2 {} sa::_resultsDatabase::saeShellProcessingCompletedProc testSuiteName saeSession6 testbenchName default resultsDir /DCNFS/users/student/mpang/simulation/lab2,testbench_inverter,schematic/history_1/simulation/default/HSPICE/nominal/results testSuiteDir /DCNFS/users/student/mpang/simulation/lab2,testbench_inverter,schematic/history_1/simulation/default/HSPICE/nominal databaseName /DCNFS/users/student/mpang/simulation/lab2,testbench_inverter,schematic/history_1/simulation/default/HSPICE/nominal/resultsDatabase remoteRun {} testbenchId 1 saveImages true
[16:13:35.04] /o false
[16:15:06.68] /i ::sa::_backgroundSaeShell::exit
[16:15:06.68] /o saeInterBGSaeShell:  ::sa::_backgroundSaeShell::childFormallyExiting
