[15:13:52.36] /o sae_shell Version Custom Compiler P-2019.06-SP1-7
              /c Build  (OPT) compiled on Thu Feb 13 14:05:50 2020 for RHEL64 6.6
              /c Execution time: Mon Apr 17 15:13:47 2023
              /c Host: linux400513
              /c 
              /c Copyright © 2004-2020 Synopsys, Inc.
              /c This software and the associated documentation are proprietary to Synopsys, Inc. This software may only be used in accordance with the terms and conditions of a written license agreement with Synopsys, Inc. All other use, reproduction, or distribution of this software is strictly prohibited.
              /c 
              /c 
[15:13:52.42] /o /DCNFS/applications/synopsys/2019/app/customcompiler/P-2019.06-SP1-7/auxx/samples/basic
[15:13:52.42] /o /DCNFS/applications/synopsys/2019/app/customcompiler/P-2019.06-SP1-7/auxx/samples/snpsDeviceLib
[15:13:52.42] /o /DCNFS/applications/synopsys/2019/app/customcompiler/P-2019.06-SP1-7/auxx/samples/analogLib
[15:13:52.42] /o /DCNFS/applications/synopsys/2019/app/customcompiler/P-2019.06-SP1-7/auxx/samples/parasitics
[15:13:52.55] /o /DCNFS/applications/synopsys/2019/app/SAED/SAED_PDK90nm/SAED_PDK_90
[15:13:52.55] /o 	############################################
[15:13:52.55] /o 	        Synopsys Generic 90nm iPDK          
[15:13:52.55] /o 	--------------------------------------------
[15:13:52.55] /o 	Release Date .............. : 11-May-2016    
[15:13:52.55] /o 	============================================
[15:13:52.55] /o 	        Recommended Tool Versions           
[15:13:52.55] /o 	--------------------------------------------
[15:13:52.55] /o 	Custom Designer ........... : J-2014.12-2    
[15:13:52.55] /o 	IC Validator .............. : K-2015.12   
[15:13:52.55] /o 	StarRC..................... : K-2015.12  
[15:13:52.55] /o 	--------------------------------------------
[15:13:52.55] /o 	############################################
[15:13:52.55] /o 
[15:13:52.57] /o SAED PDK 90: Loaded callbacks
[15:13:52.57] /o SAED PDK 90: Loaded display resources
[15:13:52.58] /i ::sa::_backgroundSaeShell::signalProcessReady 1681769627
[15:13:52.58] /o saeInterBGSaeShell:  ::sa::_backgroundSaeShell::processReady 5
[15:18:53.60] /o saeInterBGSaeShell:  ::sa::_backgroundSaeShell::pingBack
[15:18:53.76] /i ::sa::_backgroundSaeShell::parentRunning
[15:18:53.76] /o 1681769933
[15:23:54.62] /o saeInterBGSaeShell:  ::sa::_backgroundSaeShell::pingBack
[15:23:54.76] /i ::sa::_backgroundSaeShell::parentRunning
[15:23:54.76] /o 1681770234
[15:28:55.64] /o saeInterBGSaeShell:  ::sa::_backgroundSaeShell::pingBack
[15:28:55.76] /i ::sa::_backgroundSaeShell::parentRunning
[15:28:55.76] /o 1681770535
[15:32:56.77] /i ::wf::viewerExited
[15:33:10.67] /i ::sa::_backgroundSaeShell::exit
[15:33:10.67] /o saeInterBGSaeShell:  ::sa::_backgroundSaeShell::childFormallyExiting
