[15:40:27.53] /o sae_shell Version Custom Compiler P-2019.06-SP1-7
              /c Build  (OPT) compiled on Thu Feb 13 14:05:50 2020 for RHEL64 6.6
              /c Execution time: Mon Apr 10 15:40:23 2023
              /c Host: linux400512
              /c 
              /c Copyright © 2004-2020 Synopsys, Inc.
              /c This software and the associated documentation are proprietary to Synopsys, Inc. This software may only be used in accordance with the terms and conditions of a written license agreement with Synopsys, Inc. All other use, reproduction, or distribution of this software is strictly prohibited.
              /c 
              /c 
[15:40:27.58] /o /DCNFS/applications/synopsys/2019/app/customcompiler/P-2019.06-SP1-7/auxx/samples/basic
[15:40:27.58] /o /DCNFS/applications/synopsys/2019/app/customcompiler/P-2019.06-SP1-7/auxx/samples/snpsDeviceLib
[15:40:27.59] /o /DCNFS/applications/synopsys/2019/app/customcompiler/P-2019.06-SP1-7/auxx/samples/analogLib
[15:40:27.59] /o /DCNFS/applications/synopsys/2019/app/customcompiler/P-2019.06-SP1-7/auxx/samples/parasitics
[15:40:27.71] /o /DCNFS/applications/synopsys/2019/app/SAED/SAED_PDK90nm/SAED_PDK_90
[15:40:27.71] /o 	############################################
[15:40:27.71] /o 	        Synopsys Generic 90nm iPDK          
[15:40:27.71] /o 	--------------------------------------------
[15:40:27.71] /o 	Release Date .............. : 11-May-2016    
[15:40:27.71] /o 	============================================
[15:40:27.71] /o 	        Recommended Tool Versions           
[15:40:27.71] /o 	--------------------------------------------
[15:40:27.71] /o 	Custom Designer ........... : J-2014.12-2    
[15:40:27.71] /o 	IC Validator .............. : K-2015.12   
[15:40:27.71] /o 	StarRC..................... : K-2015.12  
[15:40:27.71] /o 	--------------------------------------------
[15:40:27.71] /o 	############################################
[15:40:27.71] /o 
[15:40:27.73] /o SAED PDK 90: Loaded callbacks
[15:40:27.73] /o SAED PDK 90: Loaded display resources
[15:40:27.74] /i ::sa::_backgroundSaeShell::signalProcessReady 1681166422
[15:40:27.74] /o saeInterBGSaeShell:  ::sa::_backgroundSaeShell::processReady 5
[15:45:28.76] /o saeInterBGSaeShell:  ::sa::_backgroundSaeShell::pingBack
[15:45:28.86] /i ::sa::_backgroundSaeShell::parentRunning
[15:45:28.86] /o 1681166728
[15:47:56.66] /i ::sa::_backgroundSaeShell::runScript /DCNFS/users/student/mpang/simulation/lab1,RCNetwork,schematic/history_1/simulation/HSPICE_default/HSPICE/nominal/.bg_measurement_script.tcl sa::_resultsDatabase::saeShellProcessingCompletedProc testSuiteName saeSession5 testbenchName HSPICE_default resultsDir /DCNFS/users/student/mpang/simulation/lab1,RCNetwork,schematic/history_1/simulation/HSPICE_default/HSPICE/nominal/results testSuiteDir /DCNFS/users/student/mpang/simulation/lab1,RCNetwork,schematic/history_1/simulation/HSPICE_default/HSPICE/nominal databaseName /DCNFS/users/student/mpang/simulation/lab1,RCNetwork,schematic/history_1/simulation/HSPICE_default/HSPICE/nominal/resultsDatabase remoteRun {} testbenchId 1 saveImages true
[15:47:57.00] /m Information: Start incremental database creation...
[15:47:57.04] /o saeInterBGSaeShell:  ::sa::_backgroundSaeShell::scriptFinished 0.3 {} sa::_resultsDatabase::saeShellProcessingCompletedProc testSuiteName saeSession5 testbenchName HSPICE_default resultsDir /DCNFS/users/student/mpang/simulation/lab1,RCNetwork,schematic/history_1/simulation/HSPICE_default/HSPICE/nominal/results testSuiteDir /DCNFS/users/student/mpang/simulation/lab1,RCNetwork,schematic/history_1/simulation/HSPICE_default/HSPICE/nominal databaseName /DCNFS/users/student/mpang/simulation/lab1,RCNetwork,schematic/history_1/simulation/HSPICE_default/HSPICE/nominal/resultsDatabase remoteRun {} testbenchId 1 saveImages true
[15:47:57.04] /o false
[15:50:15.16] /i ::sa::_backgroundSaeShell::runScript /DCNFS/users/student/mpang/simulation/lab1,RCNetwork,schematic/history_1/simulation/HSPICE_default/HSPICE/nominal/.bg_measurement_script.tcl sa::_resultsDatabase::saeShellProcessingCompletedProc testSuiteName saeSession5 testbenchName HSPICE_default resultsDir /DCNFS/users/student/mpang/simulation/lab1,RCNetwork,schematic/history_1/simulation/HSPICE_default/HSPICE/nominal/results testSuiteDir /DCNFS/users/student/mpang/simulation/lab1,RCNetwork,schematic/history_1/simulation/HSPICE_default/HSPICE/nominal databaseName /DCNFS/users/student/mpang/simulation/lab1,RCNetwork,schematic/history_1/simulation/HSPICE_default/HSPICE/nominal/resultsDatabase remoteRun {} testbenchId 1 saveImages true
[15:50:15.40] /m Information: Start incremental database creation...
[15:50:15.44] /o saeInterBGSaeShell:  ::sa::_backgroundSaeShell::scriptFinished 0.2 {} sa::_resultsDatabase::saeShellProcessingCompletedProc testSuiteName saeSession5 testbenchName HSPICE_default resultsDir /DCNFS/users/student/mpang/simulation/lab1,RCNetwork,schematic/history_1/simulation/HSPICE_default/HSPICE/nominal/results testSuiteDir /DCNFS/users/student/mpang/simulation/lab1,RCNetwork,schematic/history_1/simulation/HSPICE_default/HSPICE/nominal databaseName /DCNFS/users/student/mpang/simulation/lab1,RCNetwork,schematic/history_1/simulation/HSPICE_default/HSPICE/nominal/resultsDatabase remoteRun {} testbenchId 1 saveImages true
[15:50:15.44] /o false
[15:54:46.07] /i ::sa::_backgroundSaeShell::runScript /DCNFS/users/student/mpang/simulation/lab1,RCNetwork,schematic/history_1/simulation/HSPICE_default/HSPICE/nominal/.bg_measurement_script.tcl sa::_resultsDatabase::saeShellProcessingCompletedProc testSuiteName saeSession5 testbenchName HSPICE_default resultsDir /DCNFS/users/student/mpang/simulation/lab1,RCNetwork,schematic/history_1/simulation/HSPICE_default/HSPICE/nominal/results testSuiteDir /DCNFS/users/student/mpang/simulation/lab1,RCNetwork,schematic/history_1/simulation/HSPICE_default/HSPICE/nominal databaseName /DCNFS/users/student/mpang/simulation/lab1,RCNetwork,schematic/history_1/simulation/HSPICE_default/HSPICE/nominal/resultsDatabase remoteRun {} testbenchId 1 saveImages true
[15:54:46.33] /m Information: Start incremental database creation...
[15:54:46.37] /o saeInterBGSaeShell:  ::sa::_backgroundSaeShell::scriptFinished 0.3 {} sa::_resultsDatabase::saeShellProcessingCompletedProc testSuiteName saeSession5 testbenchName HSPICE_default resultsDir /DCNFS/users/student/mpang/simulation/lab1,RCNetwork,schematic/history_1/simulation/HSPICE_default/HSPICE/nominal/results testSuiteDir /DCNFS/users/student/mpang/simulation/lab1,RCNetwork,schematic/history_1/simulation/HSPICE_default/HSPICE/nominal databaseName /DCNFS/users/student/mpang/simulation/lab1,RCNetwork,schematic/history_1/simulation/HSPICE_default/HSPICE/nominal/resultsDatabase remoteRun {} testbenchId 1 saveImages true
[15:54:46.37] /o false
[15:57:01.17] /i ::sa::_backgroundSaeShell::runScript /DCNFS/users/student/mpang/simulation/lab1,RCNetwork,schematic/history_1/simulation/HSPICE_default/HSPICE/parametric/.bg_measurement_script.tcl sa::_resultsDatabase::saeShellProcessingCompletedProc testSuiteName saeSession5 testbenchName HSPICE_default resultsDir /DCNFS/users/student/mpang/simulation/lab1,RCNetwork,schematic/history_1/simulation/HSPICE_default/HSPICE/parametric/results testSuiteDir /DCNFS/users/student/mpang/simulation/lab1,RCNetwork,schematic/history_1/simulation/HSPICE_default/HSPICE/parametric databaseName /DCNFS/users/student/mpang/simulation/lab1,RCNetwork,schematic/history_1/simulation/HSPICE_default/HSPICE/parametric/resultsDatabase remoteRun {} testbenchId 1 saveImages true
[15:57:01.88] /m Information: Start incremental database creation...
[15:57:01.94] /m Information: Started sharing "Custom WaveView ADV" license. (WAVEFORM-110)
[15:57:02.44] /o saeInterBGSaeShell:  ::sa::_backgroundSaeShell::scriptFinished 1.2 {} sa::_resultsDatabase::saeShellProcessingCompletedProc testSuiteName saeSession5 testbenchName HSPICE_default resultsDir /DCNFS/users/student/mpang/simulation/lab1,RCNetwork,schematic/history_1/simulation/HSPICE_default/HSPICE/parametric/results testSuiteDir /DCNFS/users/student/mpang/simulation/lab1,RCNetwork,schematic/history_1/simulation/HSPICE_default/HSPICE/parametric databaseName /DCNFS/users/student/mpang/simulation/lab1,RCNetwork,schematic/history_1/simulation/HSPICE_default/HSPICE/parametric/resultsDatabase remoteRun {} testbenchId 1 saveImages true
[15:57:02.44] /o false
[16:02:03.80] /o saeInterBGSaeShell:  ::sa::_backgroundSaeShell::pingBack
[16:02:03.96] /i ::sa::_backgroundSaeShell::parentRunning
[16:02:03.96] /o 1681167723
[16:02:07.75] /m Information: Stopped sharing "Custom WaveView ADV" license. (WAVEFORM-111)
[16:05:54.77] /i ::wf::viewerExited
[16:07:04.82] /o saeInterBGSaeShell:  ::sa::_backgroundSaeShell::pingBack
[16:07:04.96] /i ::sa::_backgroundSaeShell::parentRunning
[16:07:04.96] /o 1681168024
[16:07:48.51] /i ::sa::_backgroundSaeShell::runScript /DCNFS/users/student/mpang/simulation/lab1,RCNetwork,schematic/history_1/simulation/HSPICE_default/HSPICE/parametric/.bg_measurement_script.tcl sa::_resultsDatabase::saeShellProcessingCompletedProc testSuiteName saeSession5 testbenchName HSPICE_default resultsDir /DCNFS/users/student/mpang/simulation/lab1,RCNetwork,schematic/history_1/simulation/HSPICE_default/HSPICE/parametric/results testSuiteDir /DCNFS/users/student/mpang/simulation/lab1,RCNetwork,schematic/history_1/simulation/HSPICE_default/HSPICE/parametric databaseName /DCNFS/users/student/mpang/simulation/lab1,RCNetwork,schematic/history_1/simulation/HSPICE_default/HSPICE/parametric/resultsDatabase remoteRun {} testbenchId 1 saveImages true
[16:07:49.20] /m Information: Start incremental database creation...
[16:07:49.23] /m Information: Started sharing "Custom WaveView ADV" license. (WAVEFORM-110)
[16:07:49.71] /o saeInterBGSaeShell:  ::sa::_backgroundSaeShell::scriptFinished 1.2 {} sa::_resultsDatabase::saeShellProcessingCompletedProc testSuiteName saeSession5 testbenchName HSPICE_default resultsDir /DCNFS/users/student/mpang/simulation/lab1,RCNetwork,schematic/history_1/simulation/HSPICE_default/HSPICE/parametric/results testSuiteDir /DCNFS/users/student/mpang/simulation/lab1,RCNetwork,schematic/history_1/simulation/HSPICE_default/HSPICE/parametric databaseName /DCNFS/users/student/mpang/simulation/lab1,RCNetwork,schematic/history_1/simulation/HSPICE_default/HSPICE/parametric/resultsDatabase remoteRun {} testbenchId 1 saveImages true
[16:07:49.71] /o false
[16:12:50.85] /o saeInterBGSaeShell:  ::sa::_backgroundSaeShell::pingBack
[16:12:50.96] /i ::sa::_backgroundSaeShell::parentRunning
[16:12:50.96] /o 1681168370
[16:12:54.75] /m Information: Stopped sharing "Custom WaveView ADV" license. (WAVEFORM-111)
[16:17:51.87] /o saeInterBGSaeShell:  ::sa::_backgroundSaeShell::pingBack
[16:17:52.06] /i ::sa::_backgroundSaeShell::parentRunning
[16:17:52.06] /o 1681168672
[16:22:52.89] /o saeInterBGSaeShell:  ::sa::_backgroundSaeShell::pingBack
[16:22:53.06] /i ::sa::_backgroundSaeShell::parentRunning
[16:22:53.06] /o 1681168973
[16:25:12.18] /i ::wf::viewerExited
[16:27:53.91] /o saeInterBGSaeShell:  ::sa::_backgroundSaeShell::pingBack
[16:27:54.06] /i ::sa::_backgroundSaeShell::parentRunning
[16:27:54.06] /o 1681169274
[16:32:54.93] /o saeInterBGSaeShell:  ::sa::_backgroundSaeShell::pingBack
[16:32:54.95] /i ::sa::_backgroundSaeShell::parentRunning
[16:32:54.95] /o 1681169574
[16:37:55.93] /o saeInterBGSaeShell:  ::sa::_backgroundSaeShell::pingBack
[16:37:56.06] /i ::sa::_backgroundSaeShell::parentRunning
[16:37:56.06] /o 1681169876
[16:42:56.95] /o saeInterBGSaeShell:  ::sa::_backgroundSaeShell::pingBack
[16:42:56.96] /i ::sa::_backgroundSaeShell::parentRunning
[16:42:56.96] /o 1681170176
[16:44:40.06] /o Information: Received "Terminate" signal. Sending  PID: 3628 UID: 3550 Username: "mpang" Process name: "/DCNFS/applications/synopsys/2019/app/customcompiler/P-2019.06-SP1-7/linux64/platform/bin/ipc_wrapper". Process is terminated.
              /c signal number = 15
              /c Stack Dump: VERSION P-2019.06-SP1-7 CONFIG 5329942 DATE Mon Apr 10 15:40:23 2023
              /c Frame 0. libc.so.6: __poll + 0x24
              /c Frame 1. sae_shell: poll + 0x61
              /c Frame 2. /lib64/libglib-2.0.so.0 ::3979f4e3fc + 0x43c
              /c Frame 3. libglib-2.0.so.0: g_main_context_iteration + 0x2c
              /c Frame 4. QEventDispatcherGlib::processEvents(QFlags<QEventLoop::ProcessEventsFlag>) + 0x6a
              /c Frame 5. QEventLoop::exec(QFlags<QEventLoop::ProcessEventsFlag>) + 0xea
              /c Frame 6. QCoreApplication::exec() + 0x8d
              /c Frame 7. 0x13139d2 SNPSee_3cb5a937433b5647dfd0ba220bc88c363f9edc9e424f5618e629fa54920aaa2d42181fc4e419a971bdba91f3b1089c26 + 0xa2
              /c Frame 8. sae_shell: main + 0x6a
              /c Frame 9. libc.so.6: __libc_start_main + 0xf5
              /c Frame 10. /DCNFS/applications/synopsys/2019/app/customcompiler/P-2019.06-SP1-7/linux64/platform/bin/sae_shell ::0x1308a75 + 0x29
[16:44:41.05] /e Error: The application was unexpectedly terminated.
              /c See the session log file for recovery details. (SHUT_DOWN-001)
