[16:15:16.90] /o sae_shell Version Custom Compiler P-2019.06-SP1-7
              /c Build  (OPT) compiled on Thu Feb 13 14:05:50 2020 for RHEL64 6.6
              /c Execution time: Mon Apr 17 16:15:11 2023
              /c Host: linux400513
              /c 
              /c Copyright © 2004-2020 Synopsys, Inc.
              /c This software and the associated documentation are proprietary to Synopsys, Inc. This software may only be used in accordance with the terms and conditions of a written license agreement with Synopsys, Inc. All other use, reproduction, or distribution of this software is strictly prohibited.
              /c 
              /c 
[16:15:16.96] /o /DCNFS/applications/synopsys/2019/app/customcompiler/P-2019.06-SP1-7/auxx/samples/basic
[16:15:16.96] /o /DCNFS/applications/synopsys/2019/app/customcompiler/P-2019.06-SP1-7/auxx/samples/snpsDeviceLib
[16:15:16.96] /o /DCNFS/applications/synopsys/2019/app/customcompiler/P-2019.06-SP1-7/auxx/samples/analogLib
[16:15:16.97] /o /DCNFS/applications/synopsys/2019/app/customcompiler/P-2019.06-SP1-7/auxx/samples/parasitics
[16:15:17.09] /o /DCNFS/applications/synopsys/2019/app/SAED/SAED_PDK90nm/SAED_PDK_90
[16:15:17.09] /o 	############################################
[16:15:17.09] /o 	        Synopsys Generic 90nm iPDK          
[16:15:17.09] /o 	--------------------------------------------
[16:15:17.09] /o 	Release Date .............. : 11-May-2016    
[16:15:17.09] /o 	============================================
[16:15:17.09] /o 	        Recommended Tool Versions           
[16:15:17.09] /o 	--------------------------------------------
[16:15:17.09] /o 	Custom Designer ........... : J-2014.12-2    
[16:15:17.09] /o 	IC Validator .............. : K-2015.12   
[16:15:17.09] /o 	StarRC..................... : K-2015.12  
[16:15:17.09] /o 	--------------------------------------------
[16:15:17.09] /o 	############################################
[16:15:17.09] /o 
[16:15:17.11] /o SAED PDK 90: Loaded callbacks
[16:15:17.12] /o SAED PDK 90: Loaded display resources
[16:15:17.12] /i ::sa::_backgroundSaeShell::signalProcessReady 1681773311
[16:15:17.13] /o saeInterBGSaeShell:  ::sa::_backgroundSaeShell::processReady 6
[16:19:39.94] /i ::sa::_backgroundSaeShell::exit
[16:19:39.94] /o saeInterBGSaeShell:  ::sa::_backgroundSaeShell::childFormallyExiting
