[15:22:40.33] /o sae_shell Version Custom Compiler P-2019.06-SP1-7
              /c Build  (OPT) compiled on Thu Feb 13 14:05:50 2020 for RHEL64 6.6
              /c Execution time: Mon May  1 15:22:36 2023
              /c Host: linux400512
              /c 
              /c Copyright © 2004-2020 Synopsys, Inc.
              /c This software and the associated documentation are proprietary to Synopsys, Inc. This software may only be used in accordance with the terms and conditions of a written license agreement with Synopsys, Inc. All other use, reproduction, or distribution of this software is strictly prohibited.
              /c 
              /c 
[15:22:40.41] /o /DCNFS/applications/synopsys/2019/app/customcompiler/P-2019.06-SP1-7/auxx/samples/basic
[15:22:40.41] /o /DCNFS/applications/synopsys/2019/app/customcompiler/P-2019.06-SP1-7/auxx/samples/snpsDeviceLib
[15:22:40.41] /o /DCNFS/applications/synopsys/2019/app/customcompiler/P-2019.06-SP1-7/auxx/samples/analogLib
[15:22:40.41] /o /DCNFS/applications/synopsys/2019/app/customcompiler/P-2019.06-SP1-7/auxx/samples/parasitics
[15:22:40.52] /o /DCNFS/applications/synopsys/2019/app/SAED/SAED_PDK90nm/SAED_PDK_90
[15:22:40.53] /o 	############################################
[15:22:40.53] /o 	        Synopsys Generic 90nm iPDK          
[15:22:40.53] /o 	--------------------------------------------
[15:22:40.53] /o 	Release Date .............. : 11-May-2016    
[15:22:40.53] /o 	============================================
[15:22:40.53] /o 	        Recommended Tool Versions           
[15:22:40.53] /o 	--------------------------------------------
[15:22:40.53] /o 	Custom Designer ........... : J-2014.12-2    
[15:22:40.53] /o 	IC Validator .............. : K-2015.12   
[15:22:40.53] /o 	StarRC..................... : K-2015.12  
[15:22:40.53] /o 	--------------------------------------------
[15:22:40.53] /o 	############################################
[15:22:40.53] /o 
[15:22:40.54] /o SAED PDK 90: Loaded callbacks
[15:22:40.55] /o SAED PDK 90: Loaded display resources
[15:22:40.55] /i ::sa::_backgroundSaeShell::signalProcessReady 1682979755
[15:22:40.56] /o saeInterBGSaeShell:  ::sa::_backgroundSaeShell::processReady 5
[15:24:43.95] /i ::sa::_backgroundSaeShell::runScript /DCNFS/users/student/mpang/simulation/lab4,XNOR2,schematic/history_1/simulation/default/HSPICE/nominal/.bg_measurement_script.tcl sa::_resultsDatabase::saeShellProcessingCompletedProc testSuiteName saeSession0 testbenchName default resultsDir /DCNFS/users/student/mpang/simulation/lab4,XNOR2,schematic/history_1/simulation/default/HSPICE/nominal/results testSuiteDir /DCNFS/users/student/mpang/simulation/lab4,XNOR2,schematic/history_1/simulation/default/HSPICE/nominal databaseName /DCNFS/users/student/mpang/simulation/lab4,XNOR2,schematic/history_1/simulation/default/HSPICE/nominal/resultsDatabase remoteRun {} testbenchId 1 saveImages true
[15:24:44.26] /m Information: Start incremental database creation...
[15:24:44.27] /m Information: Re-evaluating the failed expression 'v(/output)'
[15:24:44.31] /o saeInterBGSaeShell:  ::sa::_backgroundSaeShell::scriptFinished 0.3 {} sa::_resultsDatabase::saeShellProcessingCompletedProc testSuiteName saeSession0 testbenchName default resultsDir /DCNFS/users/student/mpang/simulation/lab4,XNOR2,schematic/history_1/simulation/default/HSPICE/nominal/results testSuiteDir /DCNFS/users/student/mpang/simulation/lab4,XNOR2,schematic/history_1/simulation/default/HSPICE/nominal databaseName /DCNFS/users/student/mpang/simulation/lab4,XNOR2,schematic/history_1/simulation/default/HSPICE/nominal/resultsDatabase remoteRun {} testbenchId 1 saveImages true
[15:24:44.31] /o false
[15:24:55.87] /i ::sa::_backgroundSaeShell::runScript /DCNFS/users/student/mpang/simulation/lab4,XNOR2,schematic/history_1/simulation/default/HSPICE/nominal/.bg_measurement_script.tcl sa::_resultsDatabase::saeShellProcessingCompletedProc testSuiteName saeSession0 testbenchName default resultsDir /DCNFS/users/student/mpang/simulation/lab4,XNOR2,schematic/history_1/simulation/default/HSPICE/nominal/results testSuiteDir /DCNFS/users/student/mpang/simulation/lab4,XNOR2,schematic/history_1/simulation/default/HSPICE/nominal databaseName /DCNFS/users/student/mpang/simulation/lab4,XNOR2,schematic/history_1/simulation/default/HSPICE/nominal/resultsDatabase remoteRun {} testbenchId 1 saveImages true
[15:24:56.09] /m Information: Start incremental database creation...
[15:24:56.10] /m Information: Re-evaluating the failed expression 'v(/output)'
[15:24:56.13] /o saeInterBGSaeShell:  ::sa::_backgroundSaeShell::scriptFinished 0.2 {} sa::_resultsDatabase::saeShellProcessingCompletedProc testSuiteName saeSession0 testbenchName default resultsDir /DCNFS/users/student/mpang/simulation/lab4,XNOR2,schematic/history_1/simulation/default/HSPICE/nominal/results testSuiteDir /DCNFS/users/student/mpang/simulation/lab4,XNOR2,schematic/history_1/simulation/default/HSPICE/nominal databaseName /DCNFS/users/student/mpang/simulation/lab4,XNOR2,schematic/history_1/simulation/default/HSPICE/nominal/resultsDatabase remoteRun {} testbenchId 1 saveImages true
[15:24:56.13] /o false
[15:26:47.55] /i ::sa::_backgroundSaeShell::runScript /DCNFS/users/student/mpang/simulation/lab4,XNOR2,schematic/history_1/simulation/default/HSPICE/nominal/.bg_measurement_script.tcl sa::_resultsDatabase::saeShellProcessingCompletedProc testSuiteName saeSession0 testbenchName default resultsDir /DCNFS/users/student/mpang/simulation/lab4,XNOR2,schematic/history_1/simulation/default/HSPICE/nominal/results testSuiteDir /DCNFS/users/student/mpang/simulation/lab4,XNOR2,schematic/history_1/simulation/default/HSPICE/nominal databaseName /DCNFS/users/student/mpang/simulation/lab4,XNOR2,schematic/history_1/simulation/default/HSPICE/nominal/resultsDatabase remoteRun {} testbenchId 1 saveImages true
[15:26:48.20] /m Information: Start incremental database creation...
[15:26:48.24] /m Information: Started sharing "Custom WaveView ADV" license. (WAVEFORM-110)
[15:26:48.34] /o saeInterBGSaeShell:  ::sa::_backgroundSaeShell::scriptFinished 0.7 {} sa::_resultsDatabase::saeShellProcessingCompletedProc testSuiteName saeSession0 testbenchName default resultsDir /DCNFS/users/student/mpang/simulation/lab4,XNOR2,schematic/history_1/simulation/default/HSPICE/nominal/results testSuiteDir /DCNFS/users/student/mpang/simulation/lab4,XNOR2,schematic/history_1/simulation/default/HSPICE/nominal databaseName /DCNFS/users/student/mpang/simulation/lab4,XNOR2,schematic/history_1/simulation/default/HSPICE/nominal/resultsDatabase remoteRun {} testbenchId 1 saveImages true
[15:26:48.34] /o false
[15:27:07.46] /i ::wf::viewerExited
[15:28:44.93] /i ::sa::_backgroundSaeShell::runScript /DCNFS/users/student/mpang/simulation/lab4,XNOR2,schematic/history_1/simulation/default/HSPICE/nominal/.bg_measurement_script.tcl sa::_resultsDatabase::saeShellProcessingCompletedProc testSuiteName saeSession0 testbenchName default resultsDir /DCNFS/users/student/mpang/simulation/lab4,XNOR2,schematic/history_1/simulation/default/HSPICE/nominal/results testSuiteDir /DCNFS/users/student/mpang/simulation/lab4,XNOR2,schematic/history_1/simulation/default/HSPICE/nominal databaseName /DCNFS/users/student/mpang/simulation/lab4,XNOR2,schematic/history_1/simulation/default/HSPICE/nominal/resultsDatabase remoteRun {} testbenchId 1 saveImages true
[15:28:45.60] /m Information: Start incremental database creation...
[15:28:45.72] /o saeInterBGSaeShell:  ::sa::_backgroundSaeShell::scriptFinished 0.7 {} sa::_resultsDatabase::saeShellProcessingCompletedProc testSuiteName saeSession0 testbenchName default resultsDir /DCNFS/users/student/mpang/simulation/lab4,XNOR2,schematic/history_1/simulation/default/HSPICE/nominal/results testSuiteDir /DCNFS/users/student/mpang/simulation/lab4,XNOR2,schematic/history_1/simulation/default/HSPICE/nominal databaseName /DCNFS/users/student/mpang/simulation/lab4,XNOR2,schematic/history_1/simulation/default/HSPICE/nominal/resultsDatabase remoteRun {} testbenchId 1 saveImages true
[15:28:45.72] /o false
[15:29:18.27] /i ::wf::viewerExited
[15:30:09.49] /i ::sa::_backgroundSaeShell::runScript /DCNFS/users/student/mpang/simulation/lab4,XNOR2,schematic/history_1/simulation/default/HSPICE/nominal/.bg_measurement_script.tcl sa::_resultsDatabase::saeShellProcessingCompletedProc testSuiteName saeSession0 testbenchName default resultsDir /DCNFS/users/student/mpang/simulation/lab4,XNOR2,schematic/history_1/simulation/default/HSPICE/nominal/results testSuiteDir /DCNFS/users/student/mpang/simulation/lab4,XNOR2,schematic/history_1/simulation/default/HSPICE/nominal databaseName /DCNFS/users/student/mpang/simulation/lab4,XNOR2,schematic/history_1/simulation/default/HSPICE/nominal/resultsDatabase remoteRun {} testbenchId 1 saveImages true
[15:30:10.14] /m Information: Start incremental database creation...
[15:30:10.25] /o saeInterBGSaeShell:  ::sa::_backgroundSaeShell::scriptFinished 0.7 {} sa::_resultsDatabase::saeShellProcessingCompletedProc testSuiteName saeSession0 testbenchName default resultsDir /DCNFS/users/student/mpang/simulation/lab4,XNOR2,schematic/history_1/simulation/default/HSPICE/nominal/results testSuiteDir /DCNFS/users/student/mpang/simulation/lab4,XNOR2,schematic/history_1/simulation/default/HSPICE/nominal databaseName /DCNFS/users/student/mpang/simulation/lab4,XNOR2,schematic/history_1/simulation/default/HSPICE/nominal/resultsDatabase remoteRun {} testbenchId 1 saveImages true
[15:30:10.25] /o false
[15:35:11.59] /o saeInterBGSaeShell:  ::sa::_backgroundSaeShell::pingBack
[15:35:11.76] /i ::sa::_backgroundSaeShell::parentRunning
[15:35:11.76] /o 1682980511
[15:35:14.75] /m Information: Stopped sharing "Custom WaveView ADV" license. (WAVEFORM-111)
[15:36:01.67] /i ::wf::viewerExited
[15:36:19.42] /i ::sa::_backgroundSaeShell::runScript /DCNFS/users/student/mpang/simulation/lab4,XNOR2,schematic/history_1/simulation/default/HSPICE/nominal/.bg_measurement_script.tcl sa::_resultsDatabase::saeShellProcessingCompletedProc testSuiteName saeSession0 testbenchName default resultsDir /DCNFS/users/student/mpang/simulation/lab4,XNOR2,schematic/history_1/simulation/default/HSPICE/nominal/results testSuiteDir /DCNFS/users/student/mpang/simulation/lab4,XNOR2,schematic/history_1/simulation/default/HSPICE/nominal databaseName /DCNFS/users/student/mpang/simulation/lab4,XNOR2,schematic/history_1/simulation/default/HSPICE/nominal/resultsDatabase remoteRun {} testbenchId 1 saveImages true
[15:36:20.07] /m Information: Start incremental database creation...
[15:36:20.09] /m Information: Started sharing "Custom WaveView ADV" license. (WAVEFORM-110)
[15:36:20.20] /o saeInterBGSaeShell:  ::sa::_backgroundSaeShell::scriptFinished 0.7 {} sa::_resultsDatabase::saeShellProcessingCompletedProc testSuiteName saeSession0 testbenchName default resultsDir /DCNFS/users/student/mpang/simulation/lab4,XNOR2,schematic/history_1/simulation/default/HSPICE/nominal/results testSuiteDir /DCNFS/users/student/mpang/simulation/lab4,XNOR2,schematic/history_1/simulation/default/HSPICE/nominal databaseName /DCNFS/users/student/mpang/simulation/lab4,XNOR2,schematic/history_1/simulation/default/HSPICE/nominal/resultsDatabase remoteRun {} testbenchId 1 saveImages true
[15:36:20.20] /o false
[15:36:27.07] /i ::wf::viewerExited
[15:38:29.07] /i ::sa::_backgroundSaeShell::runScript /DCNFS/users/student/mpang/simulation/lab4,XNOR2,schematic/history_1/simulation/default/HSPICE/nominal/.bg_measurement_script.tcl sa::_resultsDatabase::saeShellProcessingCompletedProc testSuiteName saeSession0 testbenchName default resultsDir /DCNFS/users/student/mpang/simulation/lab4,XNOR2,schematic/history_1/simulation/default/HSPICE/nominal/results testSuiteDir /DCNFS/users/student/mpang/simulation/lab4,XNOR2,schematic/history_1/simulation/default/HSPICE/nominal databaseName /DCNFS/users/student/mpang/simulation/lab4,XNOR2,schematic/history_1/simulation/default/HSPICE/nominal/resultsDatabase remoteRun {} testbenchId 1 saveImages true
[15:38:29.79] /m Information: Start incremental database creation...
[15:38:29.90] /o saeInterBGSaeShell:  ::sa::_backgroundSaeShell::scriptFinished 0.8 {} sa::_resultsDatabase::saeShellProcessingCompletedProc testSuiteName saeSession0 testbenchName default resultsDir /DCNFS/users/student/mpang/simulation/lab4,XNOR2,schematic/history_1/simulation/default/HSPICE/nominal/results testSuiteDir /DCNFS/users/student/mpang/simulation/lab4,XNOR2,schematic/history_1/simulation/default/HSPICE/nominal databaseName /DCNFS/users/student/mpang/simulation/lab4,XNOR2,schematic/history_1/simulation/default/HSPICE/nominal/resultsDatabase remoteRun {} testbenchId 1 saveImages true
[15:38:29.91] /o false
[15:43:30.63] /o saeInterBGSaeShell:  ::sa::_backgroundSaeShell::pingBack
[15:43:30.66] /i ::sa::_backgroundSaeShell::parentRunning
[15:43:30.66] /o 1682981010
[15:43:34.76] /m Information: Stopped sharing "Custom WaveView ADV" license. (WAVEFORM-111)
[15:43:45.47] /i ::wf::viewerExited
[15:45:51.87] /i ::sa::_backgroundSaeShell::exit
[15:45:51.87] /o saeInterBGSaeShell:  ::sa::_backgroundSaeShell::childFormallyExiting
