[16:40:12.85] /r giWindowId 0
[16:40:12.85] /r giWindowGeometry 600x300
[16:40:12.86] /o 
              /c                                 Custom Compiler 
              /c 
              /c               Version P-2019.06-SP1-7 for linux64 - Feb 13, 2020 
              /c 
              /c                     Copyright (c) 2004 - 2020 Synopsys, Inc.
              /c    This software and the associated documentation are proprietary to Synopsys,
              /c  Inc. This software may only be used in accordance with the terms and conditions
              /c  of a written license agreement with Synopsys, Inc. All other use, reproduction,
              /c             or distribution of this software is strictly prohibited.
              /c 
              /c Build  (OPT) Config 5329942 compiled on Thu Feb 13 14:05:50 2020 for RHEL64 6.6
              /c Invocation: /DCNFS/applications/synopsys/2019/app/customcompiler/P-2019.06-SP1-7/linux64/platform/bin/custom_compiler
              /c Execution time: Mon Jun  5 16:40:11 2023
              /c Host: linux400512
              /c Working directory: /DCNFS/users/student/mpang/ELEN153/Adder
              /c 
[16:40:15.26] /r giShowFrameTabs true
[16:40:15.27] /r giWindowId 1
[16:40:15.27] /r giWindowGeometry 1040x800
[16:40:20.31] /# gi::pressButton {/scroll/scrollArea/scrollAreaInnerWidget/applications/dmLibraryManager} -in [gi::getWindows 1]
[16:40:20.32] /# 
[16:40:20.63] /i dm::showLibraryManager
[16:40:20.63] /r giWindowId 2
[16:40:20.63] /r giWindowGeometry 660x600+50+76
[16:40:20.64] /o oa:0x21d3fcb0
[16:40:23.73] /i gi::setCurrentIndex {libs} -index {Fourbit} -in [gi::getWindows 2]
[16:40:23.75] /i gi::setItemSelection {libs} -index {Fourbit} -in [gi::getWindows 2]
[16:40:24.68] /i gi::setCurrentIndex {cells} -index {rippleadd} -in [gi::getWindows 2]
[16:40:24.72] /i gi::setItemSelection {cells} -index {rippleadd} -in [gi::getWindows 2]
[16:40:25.73] /i gi::setCurrentIndex {views} -index {layout} -in [gi::getWindows 2]
[16:40:25.75] /i gi::setItemSelection {views} -index {layout} -in [gi::getWindows 2]
[16:40:25.89] /i gi::executeAction {dmOpen} -in [gi::getWindows 2]
[16:40:25.91] /m Information: License 'MTM' checked out. (LICENSE-003)
[16:40:25.95] /o 	############################################
[16:40:25.95] /o 	        Synopsys Generic 90nm iPDK          
[16:40:25.95] /o 	--------------------------------------------
[16:40:25.95] /o 	Release Date .............. : 11-May-2016    
[16:40:25.95] /o 	============================================
[16:40:25.95] /o 	        Recommended Tool Versions           
[16:40:25.95] /o 	--------------------------------------------
[16:40:25.95] /o 	Custom Designer ........... : J-2014.12-2    
[16:40:25.95] /o 	IC Validator .............. : K-2015.12   
[16:40:25.95] /o 	StarRC..................... : K-2015.12  
[16:40:25.95] /o 	--------------------------------------------
[16:40:25.95] /o 	############################################
[16:40:25.95] /o 
[16:40:25.97] /o SAED PDK 90: Loaded callbacks
[16:40:25.98] /o SAED PDK 90: Loaded display resources
[16:40:26.01] /r giWindowId 3
[16:40:26.01] /r giWindowGeometry 1632x926
[16:40:27.19] /# gi::executeAction {deCanvasZoomInAtPoint} -in [gi::getWindows 3]
[16:40:27.19] /i de::zoom -window [gi::getWindows 3] -factor 2.0 -center {1.295 2.661}
[16:40:27.55] /# gi::executeAction {deCanvasZoomInAtPoint} -in [gi::getWindows 3]
[16:40:27.55] /i de::zoom -window [gi::getWindows 3] -factor 2.0 -center {3.667 4.15}
[16:40:28.47] /# gi::executeAction {deCanvasZoomInAtPoint} -in [gi::getWindows 3]
[16:40:28.47] /i de::zoom -window [gi::getWindows 3] -factor 2.0 -center {19.607 5.888}
[16:40:28.81] /# gi::executeAction {deCanvasZoomInAtPoint} -in [gi::getWindows 3]
[16:40:28.81] /i de::zoom -window [gi::getWindows 3] -factor 2.0 -center {19.952 5.943}
[16:40:37.87] /# gi::executeAction {deCanvasZoomInAtPoint} -in [gi::getWindows 3]
[16:40:37.87] /i de::zoom -window [gi::getWindows 3] -factor 2.0 -center {19.042 5.247}
[16:40:38.17] /# gi::executeAction {deCanvasZoomInAtPoint} -in [gi::getWindows 3]
[16:40:38.17] /i de::zoom -window [gi::getWindows 3] -factor 2.0 -center {19.083 5.257}
[16:40:42.64] /# gi::executeAction {deCanvasZoomOutAtPoint} -in [gi::getWindows 3]
[16:40:42.64] /i de::zoom -window [gi::getWindows 3] -factor 0.5 -center {19.335 5.421}
[16:40:44.39] /# gi::executeAction {deCanvasPanEast} -in [gi::getWindows 3]
[16:40:44.39] /i de::pan -window [gi::getWindows 3] -direction E -multiplier 0.5
[16:43:46.04] /# gi::executeAction {deCanvasZoomOutAtPoint} -in [gi::getWindows 3]
[16:43:46.04] /i de::zoom -window [gi::getWindows 3] -factor 0.5 -center {20.283 5.693}
[16:43:46.12] /# gi::executeAction {deCanvasZoomOutAtPoint} -in [gi::getWindows 3]
[16:43:46.12] /i de::zoom -window [gi::getWindows 3] -factor 0.5 -center {20.392 5.838}
[16:43:46.19] /# gi::executeAction {deCanvasZoomOutAtPoint} -in [gi::getWindows 3]
[16:43:46.19] /i de::zoom -window [gi::getWindows 3] -factor 0.5 -center {20.448 6.031}
[16:43:46.78] /# gi::executeAction {deCanvasPanEast} -in [gi::getWindows 3]
[16:43:46.78] /i de::pan -window [gi::getWindows 3] -direction E -multiplier 0.5
[16:43:46.95] /# gi::executeAction {deCanvasPanEast} -in [gi::getWindows 3]
[16:43:46.95] /i de::pan -window [gi::getWindows 3] -direction E -multiplier 0.5
[16:43:47.13] /# gi::executeAction {deCanvasPanEast} -in [gi::getWindows 3]
[16:43:47.13] /i de::pan -window [gi::getWindows 3] -direction E -multiplier 0.5
[16:43:47.31] /# gi::executeAction {deCanvasPanEast} -in [gi::getWindows 3]
[16:43:47.31] /i de::pan -window [gi::getWindows 3] -direction E -multiplier 0.5
[16:43:47.51] /# gi::executeAction {deCanvasPanEast} -in [gi::getWindows 3]
[16:43:47.51] /i de::pan -window [gi::getWindows 3] -direction E -multiplier 0.5
[16:43:47.69] /# gi::executeAction {deCanvasPanEast} -in [gi::getWindows 3]
[16:43:47.69] /i de::pan -window [gi::getWindows 3] -direction E -multiplier 0.5
[16:43:48.20] /# gi::executeAction {deCanvasZoomInAtPoint} -in [gi::getWindows 3]
[16:43:48.20] /i de::zoom -window [gi::getWindows 3] -factor 2.0 -center {77.7 6.002}
[16:43:48.24] /# gi::executeAction {deCanvasZoomInAtPoint} -in [gi::getWindows 3]
[16:43:48.24] /i de::zoom -window [gi::getWindows 3] -factor 2.0 -center {77.7 6.002}
[16:43:49.18] /# gi::executeAction {deCanvasPanNorth} -in [gi::getWindows 3]
[16:43:49.18] /i de::pan -window [gi::getWindows 3] -direction N -multiplier 0.5
[16:43:54.07] /# gi::executeAction {deCanvasPanWest} -in [gi::getWindows 3]
[16:43:54.07] /i de::pan -window [gi::getWindows 3] -direction W -multiplier 0.5
[16:43:54.73] /# gi::executeAction {deCanvasPanSouth} -in [gi::getWindows 3]
[16:43:54.73] /i de::pan -window [gi::getWindows 3] -direction S -multiplier 0.5
[16:43:55.13] /# gi::executeAction {deCanvasPanEast} -in [gi::getWindows 3]
[16:43:55.13] /i de::pan -window [gi::getWindows 3] -direction E -multiplier 0.5
[16:43:55.43] /# gi::executeAction {deCanvasPanNorth} -in [gi::getWindows 3]
[16:43:55.43] /i de::pan -window [gi::getWindows 3] -direction N -multiplier 0.5
[17:02:58.17] /i gi::addAssistant [gi::getAssistants leObjectLayerPanel -from [gi::getWindows 3]] -to [gi::getWindows 3]  -floating true
[17:02:58.55] /i db::setAttr geometry -of [gi::getAssistants leObjectLayerPanel -from [gi::getWindows 3]] -value 200x636+1140+280
[17:03:00.56] /r giDialog gi::setActiveDialog [gi::getDialogs {giCloseFrame}]
[17:03:00.85] /r giDialog db::setAttr geometry -of [gi::getDialogs {giCloseFrame}] -value 299x108+800+422
[17:03:03.24] /r giDialog gi::pressButton {giCloseTabsButton} -in [gi::getDialogs {giCloseFrame}]
[17:03:03.26] /i exit
[17:03:03.27] /r giDialog gi::setActiveDialog [gi::getDialogs {deExitDialog} -parent [gi::getWindows 3]]
[17:03:03.55] /r giDialog db::setAttr geometry -of [gi::getDialogs {deExitDialog} -parent [gi::getWindows 3]] -value 419x207+740+373
[17:03:04.81] /r giDialog gi::pressButton {ok} -in [gi::getDialogs {deExitDialog} -parent [gi::getWindows 3]]
[17:03:05.24] /o Shutdown time: Mon Jun  5 17:03:05 2023
[17:03:05.24] /o Elapsed session real time: 22.86 minutes
[17:03:05.24] /o Session terminated. Log is at /DCNFS/users/student/mpang/ELEN153/Adder/synopsys_custom/logs/ccompiler.mpang.2023_6_5_164011_31636.log
