### Custom WaveView ADV log file, revision P-2019.06-SP2 (build Nov 30, ) ###
### created at 15:35:07 on Mon May 22 2023 (Linux AMD64) ###
### Host Name: linux400512   User ID: mpang   PID: 30456   ###
wv_start_log
# (0) running in waveview only mode
# (0) SW_SX_PERL_LIB defined
# (0) SW_SX_TCL_LIB defined
# (0) HOME defined
#source {/opt/synopsys-2019/app/wv/P-2019.06-SP2/packages/SX-SNPSCUST-Link/snps_custom_link.tcl}
wv_resize_browser {Custom WaveView} {} {waveview 1:1} 796 253
wv_resize_browser {Custom WaveView} {} {waveview 1:1} 796 231
wv_move_window {Custom WaveView} {} 2 86
wv_select_window {Custom WaveView} 
wv_resize_browser {Custom WaveView} {} {waveview 1:1} 1914 828
wv_move_window {Custom WaveView} {} 0 26
#sx_first_wv#
#sx_current_wv _5d7eb40_void_p#
#sx_set_data_directory {/DCNFS/users/student/mpang/simulation/Fourbit,testbenchschematic,schematic/history_1/simulation/default/HSPICE/nominal/results}#
#sx_get_signals {/DCNFS/users/student/mpang/simulation/Fourbit,testbenchschematic,schematic/history_1/simulation/default/HSPICE/nominal/results/resultsMap.xml} {v(a0)}  -analysis {tran:tran} -openmode replace#
#sx_get_num_sweeps _5ebd828_void_pp#
#::CDSX::findIsSweepScalar _5ebd828_void_pp 1#
#sx_signal_attribute _5ebd828_void_pp -xrange#
#sx_first_wv#
#sx_set_wv_userinfo _5d7eb40_void_p#
#sx_first_panel _5d7eb40_void_p#
#sx_next_wv _5d7eb40_void_p#
#sx_first_wv#
#sx_next_wv _5d7eb40_void_p#
#sx_current_wv#
#sx_first_panel _5d7eb40_void_p#
#sx_current_wv _5d7eb40_void_p#
#sx_clear_wv#
#sx_set_wv_title _5d7eb40_void_p tran#
#sx_wv_name _5d7eb40_void_p tran#
#sx_get_last_panel _5d7eb40_void_p#
#sx_append_panel _5d7eb40_void_p linear#
#sx_current_wv _5d7eb40_void_p#
#sx_signal_add_mode overlap#
#sx_current_panel _5edc410_void_p#
#sx_set_wv_testbench _5d7eb40_void_p #
#sx_set_wv_userinfo _5d7eb40_void_p {saeSession0::tran}#
#sx_plot_signals {{/DCNFS/users/student/mpang/simulation/Fourbit,testbenchschematic,schematic/history_1/simulation/default/HSPICE/nominal/results/resultsMap.xml}} {{v(a0)}} {-color #FF0000 -label v(/A0)} -openmode replace -analysis tran:tran -noupdate -type volt#
#sx_get_panel_type _5edc410_void_p#
#sx_set_panel_x_type _5edc410_void_p "linear"#
#sx_set_panel_y_type _5edc410_void_p "linear"#
#sx_get_signals {/DCNFS/users/student/mpang/simulation/Fourbit,testbenchschematic,schematic/history_1/simulation/default/HSPICE/nominal/results/resultsMap.xml} {v(a1)}  -analysis {tran:tran} -openmode replace#
#sx_get_num_sweeps _5ebd8b8_void_pp#
#::CDSX::findIsSweepScalar _5ebd8b8_void_pp 1#
#sx_signal_attribute _5ebd8b8_void_pp -xrange#
#sx_current_wv#
#sx_first_panel _5d7eb40_void_p#
#sx_current_wv#
#sx_get_last_panel _5d7eb40_void_p#
#sx_get_panel_type _5edc410_void_p#
#sx_first_panel _5d7eb40_void_p#
#sx_get_panel_type _5edc410_void_p#
#sx_get_x_full_range _5edc410_void_p#
#sx_xaxis_attribute _5edc410_void_p -scale#
#sx_get_last_panel _5d7eb40_void_p#
#sx_first_panel _5d7eb40_void_p#
#sx_next_panel _5edc410_void_p#
#sx_get_panel_type _5edc410_void_p#
#sx_signal_add_mode overlap#
#sx_current_panel _5edc410_void_p#
#sx_set_wv_testbench _5d7eb40_void_p #
#sx_set_wv_userinfo _5d7eb40_void_p {saeSession0::tran}#
#sx_plot_signals {{/DCNFS/users/student/mpang/simulation/Fourbit,testbenchschematic,schematic/history_1/simulation/default/HSPICE/nominal/results/resultsMap.xml}} {{v(a1)}} {-color #CC00FF -label v(/A1)} -openmode replace -analysis tran:tran -noupdate -type volt#
#sx_get_panel_type _5edc410_void_p#
#sx_set_panel_x_type _5edc410_void_p "linear"#
#sx_set_panel_y_type _5edc410_void_p "linear"#
#sx_get_signals {/DCNFS/users/student/mpang/simulation/Fourbit,testbenchschematic,schematic/history_1/simulation/default/HSPICE/nominal/results/resultsMap.xml} {v(a2)}  -analysis {tran:tran} -openmode replace#
#sx_get_num_sweeps _5ebd948_void_pp#
#::CDSX::findIsSweepScalar _5ebd948_void_pp 1#
#sx_signal_attribute _5ebd948_void_pp -xrange#
#sx_current_wv#
#sx_first_panel _5d7eb40_void_p#
#sx_current_wv#
#sx_get_last_panel _5d7eb40_void_p#
#sx_get_panel_type _5edc410_void_p#
#sx_first_panel _5d7eb40_void_p#
#sx_get_panel_type _5edc410_void_p#
#sx_get_x_full_range _5edc410_void_p#
#sx_xaxis_attribute _5edc410_void_p -scale#
#sx_get_last_panel _5d7eb40_void_p#
#sx_first_panel _5d7eb40_void_p#
#sx_next_panel _5edc410_void_p#
#sx_get_panel_type _5edc410_void_p#
#sx_signal_add_mode overlap#
#sx_current_panel _5edc410_void_p#
#sx_set_wv_testbench _5d7eb40_void_p #
#sx_set_wv_userinfo _5d7eb40_void_p {saeSession0::tran}#
#sx_plot_signals {{/DCNFS/users/student/mpang/simulation/Fourbit,testbenchschematic,schematic/history_1/simulation/default/HSPICE/nominal/results/resultsMap.xml}} {{v(a2)}} {-color #00FF66 -label v(/A2)} -openmode replace -analysis tran:tran -noupdate -type volt#
#sx_get_panel_type _5edc410_void_p#
#sx_set_panel_x_type _5edc410_void_p "linear"#
#sx_set_panel_y_type _5edc410_void_p "linear"#
#sx_get_signals {/DCNFS/users/student/mpang/simulation/Fourbit,testbenchschematic,schematic/history_1/simulation/default/HSPICE/nominal/results/resultsMap.xml} {v(a3)}  -analysis {tran:tran} -openmode replace#
#sx_get_num_sweeps _5ebd9d8_void_pp#
#::CDSX::findIsSweepScalar _5ebd9d8_void_pp 1#
#sx_signal_attribute _5ebd9d8_void_pp -xrange#
#sx_current_wv#
#sx_first_panel _5d7eb40_void_p#
#sx_current_wv#
#sx_get_last_panel _5d7eb40_void_p#
#sx_get_panel_type _5edc410_void_p#
#sx_first_panel _5d7eb40_void_p#
#sx_get_panel_type _5edc410_void_p#
#sx_get_x_full_range _5edc410_void_p#
#sx_xaxis_attribute _5edc410_void_p -scale#
#sx_get_last_panel _5d7eb40_void_p#
#sx_first_panel _5d7eb40_void_p#
#sx_next_panel _5edc410_void_p#
#sx_get_panel_type _5edc410_void_p#
#sx_signal_add_mode overlap#
#sx_current_panel _5edc410_void_p#
#sx_set_wv_testbench _5d7eb40_void_p #
#sx_set_wv_userinfo _5d7eb40_void_p {saeSession0::tran}#
#sx_plot_signals {{/DCNFS/users/student/mpang/simulation/Fourbit,testbenchschematic,schematic/history_1/simulation/default/HSPICE/nominal/results/resultsMap.xml}} {{v(a3)}} {-color #CCFF00 -label v(/A3)} -openmode replace -analysis tran:tran -noupdate -type volt#
#sx_get_panel_type _5edc410_void_p#
#sx_set_panel_x_type _5edc410_void_p "linear"#
#sx_set_panel_y_type _5edc410_void_p "linear"#
#sx_get_signals {/DCNFS/users/student/mpang/simulation/Fourbit,testbenchschematic,schematic/history_1/simulation/default/HSPICE/nominal/results/resultsMap.xml} {v(b0)}  -analysis {tran:tran} -openmode replace#
#sx_get_num_sweeps _5ebda68_void_pp#
#::CDSX::findIsSweepScalar _5ebda68_void_pp 1#
#sx_signal_attribute _5ebda68_void_pp -xrange#
#sx_current_wv#
#sx_first_panel _5d7eb40_void_p#
#sx_current_wv#
#sx_get_last_panel _5d7eb40_void_p#
#sx_get_panel_type _5edc410_void_p#
#sx_first_panel _5d7eb40_void_p#
#sx_get_panel_type _5edc410_void_p#
#sx_get_x_full_range _5edc410_void_p#
#sx_xaxis_attribute _5edc410_void_p -scale#
#sx_get_last_panel _5d7eb40_void_p#
#sx_first_panel _5d7eb40_void_p#
#sx_next_panel _5edc410_void_p#
#sx_get_panel_type _5edc410_void_p#
#sx_signal_add_mode overlap#
#sx_current_panel _5edc410_void_p#
#sx_set_wv_testbench _5d7eb40_void_p #
#sx_set_wv_userinfo _5d7eb40_void_p {saeSession0::tran}#
#sx_plot_signals {{/DCNFS/users/student/mpang/simulation/Fourbit,testbenchschematic,schematic/history_1/simulation/default/HSPICE/nominal/results/resultsMap.xml}} {{v(b0)}} {-color #0066FF -label v(/B0)} -openmode replace -analysis tran:tran -noupdate -type volt#
#sx_get_panel_type _5edc410_void_p#
#sx_set_panel_x_type _5edc410_void_p "linear"#
#sx_set_panel_y_type _5edc410_void_p "linear"#
#sx_get_signals {/DCNFS/users/student/mpang/simulation/Fourbit,testbenchschematic,schematic/history_1/simulation/default/HSPICE/nominal/results/resultsMap.xml} {v(b1)}  -analysis {tran:tran} -openmode replace#
#sx_get_num_sweeps _5ebdaf8_void_pp#
#::CDSX::findIsSweepScalar _5ebdaf8_void_pp 1#
#sx_signal_attribute _5ebdaf8_void_pp -xrange#
#sx_current_wv#
#sx_first_panel _5d7eb40_void_p#
#sx_current_wv#
#sx_get_last_panel _5d7eb40_void_p#
#sx_get_panel_type _5edc410_void_p#
#sx_first_panel _5d7eb40_void_p#
#sx_get_panel_type _5edc410_void_p#
#sx_get_x_full_range _5edc410_void_p#
#sx_xaxis_attribute _5edc410_void_p -scale#
#sx_get_last_panel _5d7eb40_void_p#
#sx_first_panel _5d7eb40_void_p#
#sx_next_panel _5edc410_void_p#
#sx_get_panel_type _5edc410_void_p#
#sx_signal_add_mode overlap#
#sx_current_panel _5edc410_void_p#
#sx_set_wv_testbench _5d7eb40_void_p #
#sx_set_wv_userinfo _5d7eb40_void_p {saeSession0::tran}#
#sx_plot_signals {{/DCNFS/users/student/mpang/simulation/Fourbit,testbenchschematic,schematic/history_1/simulation/default/HSPICE/nominal/results/resultsMap.xml}} {{v(b1)}} {-color #FF9900 -label v(/B1)} -openmode replace -analysis tran:tran -noupdate -type volt#
#sx_get_panel_type _5edc410_void_p#
#sx_set_panel_x_type _5edc410_void_p "linear"#
#sx_set_panel_y_type _5edc410_void_p "linear"#
#sx_get_signals {/DCNFS/users/student/mpang/simulation/Fourbit,testbenchschematic,schematic/history_1/simulation/default/HSPICE/nominal/results/resultsMap.xml} {v(b2)}  -analysis {tran:tran} -openmode replace#
#sx_get_num_sweeps _5ebdb88_void_pp#
#::CDSX::findIsSweepScalar _5ebdb88_void_pp 1#
#sx_signal_attribute _5ebdb88_void_pp -xrange#
#sx_current_wv#
#sx_first_panel _5d7eb40_void_p#
#sx_current_wv#
#sx_get_last_panel _5d7eb40_void_p#
#sx_get_panel_type _5edc410_void_p#
#sx_first_panel _5d7eb40_void_p#
#sx_get_panel_type _5edc410_void_p#
#sx_get_x_full_range _5edc410_void_p#
#sx_xaxis_attribute _5edc410_void_p -scale#
#sx_get_last_panel _5d7eb40_void_p#
#sx_first_panel _5d7eb40_void_p#
#sx_next_panel _5edc410_void_p#
#sx_get_panel_type _5edc410_void_p#
#sx_signal_add_mode overlap#
#sx_current_panel _5edc410_void_p#
#sx_set_wv_testbench _5d7eb40_void_p #
#sx_set_wv_userinfo _5d7eb40_void_p {saeSession0::tran}#
#sx_plot_signals {{/DCNFS/users/student/mpang/simulation/Fourbit,testbenchschematic,schematic/history_1/simulation/default/HSPICE/nominal/results/resultsMap.xml}} {{v(b2)}} {-color #FF0099 -label v(/B2)} -openmode replace -analysis tran:tran -noupdate -type volt#
#sx_get_panel_type _5edc410_void_p#
#sx_set_panel_x_type _5edc410_void_p "linear"#
#sx_set_panel_y_type _5edc410_void_p "linear"#
#sx_get_signals {/DCNFS/users/student/mpang/simulation/Fourbit,testbenchschematic,schematic/history_1/simulation/default/HSPICE/nominal/results/resultsMap.xml} {v(b3)}  -analysis {tran:tran} -openmode replace#
#sx_get_num_sweeps _5ebdc18_void_pp#
#::CDSX::findIsSweepScalar _5ebdc18_void_pp 1#
#sx_signal_attribute _5ebdc18_void_pp -xrange#
#sx_current_wv#
#sx_first_panel _5d7eb40_void_p#
#sx_current_wv#
#sx_get_last_panel _5d7eb40_void_p#
#sx_get_panel_type _5edc410_void_p#
#sx_first_panel _5d7eb40_void_p#
#sx_get_panel_type _5edc410_void_p#
#sx_get_x_full_range _5edc410_void_p#
#sx_xaxis_attribute _5edc410_void_p -scale#
#sx_get_last_panel _5d7eb40_void_p#
#sx_first_panel _5d7eb40_void_p#
#sx_next_panel _5edc410_void_p#
#sx_get_panel_type _5edc410_void_p#
#sx_signal_add_mode overlap#
#sx_current_panel _5edc410_void_p#
#sx_set_wv_testbench _5d7eb40_void_p #
#sx_set_wv_userinfo _5d7eb40_void_p {saeSession0::tran}#
#sx_plot_signals {{/DCNFS/users/student/mpang/simulation/Fourbit,testbenchschematic,schematic/history_1/simulation/default/HSPICE/nominal/results/resultsMap.xml}} {{v(b3)}} {-color #00FFFF -label v(/B3)} -openmode replace -analysis tran:tran -noupdate -type volt#
#sx_get_panel_type _5edc410_void_p#
#sx_set_panel_x_type _5edc410_void_p "linear"#
#sx_set_panel_y_type _5edc410_void_p "linear"#
#sx_get_signals {/DCNFS/users/student/mpang/simulation/Fourbit,testbenchschematic,schematic/history_1/simulation/default/HSPICE/nominal/results/resultsMap.xml} {v(cin)}  -analysis {tran:tran} -openmode replace#
#sx_get_num_sweeps _5ebdca8_void_pp#
#::CDSX::findIsSweepScalar _5ebdca8_void_pp 1#
#sx_signal_attribute _5ebdca8_void_pp -xrange#
#sx_current_wv#
#sx_first_panel _5d7eb40_void_p#
#sx_current_wv#
#sx_get_last_panel _5d7eb40_void_p#
#sx_get_panel_type _5edc410_void_p#
#sx_first_panel _5d7eb40_void_p#
#sx_get_panel_type _5edc410_void_p#
#sx_get_x_full_range _5edc410_void_p#
#sx_xaxis_attribute _5edc410_void_p -scale#
#sx_get_last_panel _5d7eb40_void_p#
#sx_first_panel _5d7eb40_void_p#
#sx_next_panel _5edc410_void_p#
#sx_get_panel_type _5edc410_void_p#
#sx_signal_add_mode overlap#
#sx_current_panel _5edc410_void_p#
#sx_set_wv_testbench _5d7eb40_void_p #
#sx_set_wv_userinfo _5d7eb40_void_p {saeSession0::tran}#
#sx_plot_signals {{/DCNFS/users/student/mpang/simulation/Fourbit,testbenchschematic,schematic/history_1/simulation/default/HSPICE/nominal/results/resultsMap.xml}} {{v(cin)}} {-color #33FF00 -label v(/Cin)} -openmode replace -analysis tran:tran -noupdate -type volt#
#sx_get_panel_type _5edc410_void_p#
#sx_set_panel_x_type _5edc410_void_p "linear"#
#sx_set_panel_y_type _5edc410_void_p "linear"#
#sx_get_signals {/DCNFS/users/student/mpang/simulation/Fourbit,testbenchschematic,schematic/history_1/simulation/default/HSPICE/nominal/results/resultsMap.xml} {v(cout)}  -analysis {tran:tran} -openmode replace#
#sx_get_num_sweeps _5ebdd38_void_pp#
#::CDSX::findIsSweepScalar _5ebdd38_void_pp 1#
#sx_signal_attribute _5ebdd38_void_pp -xrange#
#sx_current_wv#
#sx_first_panel _5d7eb40_void_p#
#sx_current_wv#
#sx_get_last_panel _5d7eb40_void_p#
#sx_get_panel_type _5edc410_void_p#
#sx_first_panel _5d7eb40_void_p#
#sx_get_panel_type _5edc410_void_p#
#sx_get_x_full_range _5edc410_void_p#
#sx_xaxis_attribute _5edc410_void_p -scale#
#sx_get_last_panel _5d7eb40_void_p#
#sx_first_panel _5d7eb40_void_p#
#sx_next_panel _5edc410_void_p#
#sx_get_panel_type _5edc410_void_p#
#sx_signal_add_mode overlap#
#sx_current_panel _5edc410_void_p#
#sx_set_wv_testbench _5d7eb40_void_p #
#sx_set_wv_userinfo _5d7eb40_void_p {saeSession0::tran}#
#sx_plot_signals {{/DCNFS/users/student/mpang/simulation/Fourbit,testbenchschematic,schematic/history_1/simulation/default/HSPICE/nominal/results/resultsMap.xml}} {{v(cout)}} {-color #3300FF -label v(/Cout)} -openmode replace -analysis tran:tran -noupdate -type volt#
#sx_get_panel_type _5edc410_void_p#
#sx_set_panel_x_type _5edc410_void_p "linear"#
#sx_set_panel_y_type _5edc410_void_p "linear"#
#sx_get_signals {/DCNFS/users/student/mpang/simulation/Fourbit,testbenchschematic,schematic/history_1/simulation/default/HSPICE/nominal/results/resultsMap.xml} {v(s0)}  -analysis {tran:tran} -openmode replace#
#sx_get_num_sweeps _5ebddc8_void_pp#
#::CDSX::findIsSweepScalar _5ebddc8_void_pp 1#
#sx_signal_attribute _5ebddc8_void_pp -xrange#
#sx_current_wv#
#sx_first_panel _5d7eb40_void_p#
#sx_current_wv#
#sx_get_last_panel _5d7eb40_void_p#
#sx_get_panel_type _5edc410_void_p#
#sx_first_panel _5d7eb40_void_p#
#sx_get_panel_type _5edc410_void_p#
#sx_get_x_full_range _5edc410_void_p#
#sx_xaxis_attribute _5edc410_void_p -scale#
#sx_get_last_panel _5d7eb40_void_p#
#sx_first_panel _5d7eb40_void_p#
#sx_next_panel _5edc410_void_p#
#sx_get_panel_type _5edc410_void_p#
#sx_signal_add_mode overlap#
#sx_current_panel _5edc410_void_p#
#sx_set_wv_testbench _5d7eb40_void_p #
#sx_set_wv_userinfo _5d7eb40_void_p {saeSession0::tran}#
#sx_plot_signals {{/DCNFS/users/student/mpang/simulation/Fourbit,testbenchschematic,schematic/history_1/simulation/default/HSPICE/nominal/results/resultsMap.xml}} {{v(s0)}} {-color #FF9999 -label v(/S0)} -openmode replace -analysis tran:tran -noupdate -type volt#
#sx_get_panel_type _5edc410_void_p#
#sx_set_panel_x_type _5edc410_void_p "linear"#
#sx_set_panel_y_type _5edc410_void_p "linear"#
#sx_get_signals {/DCNFS/users/student/mpang/simulation/Fourbit,testbenchschematic,schematic/history_1/simulation/default/HSPICE/nominal/results/resultsMap.xml} {v(s1)}  -analysis {tran:tran} -openmode replace#
#sx_get_num_sweeps _5ebde58_void_pp#
#::CDSX::findIsSweepScalar _5ebde58_void_pp 1#
#sx_signal_attribute _5ebde58_void_pp -xrange#
#sx_current_wv#
#sx_first_panel _5d7eb40_void_p#
#sx_current_wv#
#sx_get_last_panel _5d7eb40_void_p#
#sx_get_panel_type _5edc410_void_p#
#sx_first_panel _5d7eb40_void_p#
#sx_get_panel_type _5edc410_void_p#
#sx_get_x_full_range _5edc410_void_p#
#sx_xaxis_attribute _5edc410_void_p -scale#
#sx_get_last_panel _5d7eb40_void_p#
#sx_first_panel _5d7eb40_void_p#
#sx_next_panel _5edc410_void_p#
#sx_get_panel_type _5edc410_void_p#
#sx_signal_add_mode overlap#
#sx_current_panel _5edc410_void_p#
#sx_set_wv_testbench _5d7eb40_void_p #
#sx_set_wv_userinfo _5d7eb40_void_p {saeSession0::tran}#
#sx_plot_signals {{/DCNFS/users/student/mpang/simulation/Fourbit,testbenchschematic,schematic/history_1/simulation/default/HSPICE/nominal/results/resultsMap.xml}} {{v(s1)}} {-color #EB99FF -label v(/S1)} -openmode replace -analysis tran:tran -noupdate -type volt#
#sx_get_panel_type _5edc410_void_p#
#sx_set_panel_x_type _5edc410_void_p "linear"#
#sx_set_panel_y_type _5edc410_void_p "linear"#
#sx_get_signals {/DCNFS/users/student/mpang/simulation/Fourbit,testbenchschematic,schematic/history_1/simulation/default/HSPICE/nominal/results/resultsMap.xml} {v(s2)}  -analysis {tran:tran} -openmode replace#
#sx_get_num_sweeps _5ebdee8_void_pp#
#::CDSX::findIsSweepScalar _5ebdee8_void_pp 1#
#sx_signal_attribute _5ebdee8_void_pp -xrange#
#sx_current_wv#
#sx_first_panel _5d7eb40_void_p#
#sx_current_wv#
#sx_get_last_panel _5d7eb40_void_p#
#sx_get_panel_type _5edc410_void_p#
#sx_first_panel _5d7eb40_void_p#
#sx_get_panel_type _5edc410_void_p#
#sx_get_x_full_range _5edc410_void_p#
#sx_xaxis_attribute _5edc410_void_p -scale#
#sx_get_last_panel _5d7eb40_void_p#
#sx_first_panel _5d7eb40_void_p#
#sx_next_panel _5edc410_void_p#
#sx_get_panel_type _5edc410_void_p#
#sx_signal_add_mode overlap#
#sx_current_panel _5edc410_void_p#
#sx_set_wv_testbench _5d7eb40_void_p #
#sx_set_wv_userinfo _5d7eb40_void_p {saeSession0::tran}#
#sx_plot_signals {{/DCNFS/users/student/mpang/simulation/Fourbit,testbenchschematic,schematic/history_1/simulation/default/HSPICE/nominal/results/resultsMap.xml}} {{v(s2)}} {-color #99FFC2 -label v(/S2)} -openmode replace -analysis tran:tran -noupdate -type volt#
#sx_get_panel_type _5edc410_void_p#
#sx_set_panel_x_type _5edc410_void_p "linear"#
#sx_set_panel_y_type _5edc410_void_p "linear"#
#sx_get_signals {/DCNFS/users/student/mpang/simulation/Fourbit,testbenchschematic,schematic/history_1/simulation/default/HSPICE/nominal/results/resultsMap.xml} {v(s3)}  -analysis {tran:tran} -openmode replace#
#sx_get_num_sweeps _5ebdf78_void_pp#
#::CDSX::findIsSweepScalar _5ebdf78_void_pp 1#
#sx_signal_attribute _5ebdf78_void_pp -xrange#
#sx_current_wv#
#sx_first_panel _5d7eb40_void_p#
#sx_current_wv#
#sx_get_last_panel _5d7eb40_void_p#
#sx_get_panel_type _5edc410_void_p#
#sx_first_panel _5d7eb40_void_p#
#sx_get_panel_type _5edc410_void_p#
#sx_get_x_full_range _5edc410_void_p#
#sx_xaxis_attribute _5edc410_void_p -scale#
#sx_get_last_panel _5d7eb40_void_p#
#sx_first_panel _5d7eb40_void_p#
#sx_next_panel _5edc410_void_p#
#sx_get_panel_type _5edc410_void_p#
#sx_signal_add_mode overlap#
#sx_current_panel _5edc410_void_p#
#sx_set_wv_testbench _5d7eb40_void_p #
#sx_set_wv_userinfo _5d7eb40_void_p {saeSession0::tran}#
#sx_plot_signals {{/DCNFS/users/student/mpang/simulation/Fourbit,testbenchschematic,schematic/history_1/simulation/default/HSPICE/nominal/results/resultsMap.xml}} {{v(s3)}} {-color #EBFF99 -label v(/S3)} -openmode replace -analysis tran:tran -noupdate -type volt#
#sx_get_panel_type _5edc410_void_p#
#sx_set_panel_x_type _5edc410_void_p "linear"#
#sx_set_panel_y_type _5edc410_void_p "linear"#
#sx_first_wv#
#sx_first_panel _5d7eb40_void_p#
#sx_toggle_right_axis _5edc410_void_p I-Signal#
#sx_next_panel _5edc410_void_p#
#sx_next_wv _5d7eb40_void_p#
#sx_first_panel _5d7eb40_void_p#
#sx_next_panel _5edc410_void_p#
#sx_first_line _5edc410_void_p#
#sx_first_panel _5d7eb40_void_p#
#sx_first_wv#
#sx_wv_name _5d7eb40_void_p#
#sx_next_wv _5d7eb40_void_p#
wv_select_waveview 1 {tran}
wv_waveview_context_menu WV1.PANEL1:1.LEGEND
wv_select_waveview 1 {tran}
wv_select_menu_item {Custom WaveView} {tran:1} {PanelPopMenu.Ungroup} 
wv_select_waveview 1 {tran}
wv_select_wv_item WV1.PANEL10:1.LEGEND
wv_drag_item_to WV1 42 546
wv_drag_enter WV1
wv_drag_to WV1 42 550
wv_drag_to WV1 43 557
wv_drag_to WV1 44 565
wv_drag_to WV1 53 608
wv_drag_to WV1 56 621
wv_drag_to WV1 61 661
wv_drag_to WV1 63 670
wv_drag_to WV1 63 712
wv_drag_to WV1 62 722
wv_drop_on WV1
wv_drag_item_to WV1 42 550
wv_select_waveview 1 {tran}
wv_waveview_context_menu WV1.PANEL1:1.LEGEND
wv_select_waveview 1 {tran}
wv_select_menu_item {Custom WaveView} {tran:1} {PanelPopMenu.Ungroup} 
wv_select_waveview 1 {tran}
wv_select_wv_item WV1.PANEL11:1.LEGEND
wv_drag_item_to WV1 52 587
wv_drag_enter WV1
wv_drag_to WV1 51 591
wv_drag_to WV1 51 613
wv_drag_to WV1 51 621
wv_drag_to WV1 53 661
wv_drag_to WV1 54 671
wv_drag_to WV1 56 714
wv_drag_to WV1 57 724
wv_drag_to WV1 62 764
wv_drop_on WV1
wv_drag_item_to WV1 51 591
wv_select_waveview 1 {tran}
wv_select_wv_item WV1.PANEL11:1.LEGEND
wv_drag_item_to WV1 57 579
wv_drag_enter WV1
wv_drag_to WV1 57 582
wv_drag_to WV1 55 609
wv_drag_to WV1 54 622
wv_drag_to WV1 49 662
wv_drag_to WV1 46 673
wv_drag_to WV1 40 715
wv_drag_to WV1 38 722
wv_drag_to WV1 23 764
wv_drop_on WV1
wv_drag_item_to WV1 57 582
wv_select_waveview 1 {tran}
wv_select_wv_item WV1.PANEL14:1.LINE1
wv_drag_item_to WV1 51 730
wv_select_line WV1.PANEL14:1.LINE1
wv_drag_enter WV1
wv_drag_to WV1 47 698
wv_drag_to WV1 47 667
wv_drag_to WV1 47 656
wv_drag_to WV1 54 662
wv_drag_to WV1 54 669
wv_drag_to WV1 45 712
wv_drag_to WV1 45 721
wv_drop_on WV1
wv_drag_item_to WV1 51 730
wv_select_waveview 1 {tran}
wv_select_panel WV1.PANEL11:1 5.19481e-08 0.709103
wv_press_key Esc 265 754
wv_press_key Esc 110 733
wv_select_waveview 1 {tran}
wv_select_wv_item WV1.PANEL1:1.LEGEND
wv_drag_item_to WV1 49 77
wv_drag_enter WV1
wv_drag_to WV1 51 81
wv_drag_to WV1 54 92
wv_drag_to WV1 57 108
wv_drag_to WV1 65 145
wv_drag_to WV1 69 161
wv_drag_to WV1 76 194
wv_drag_to WV1 79 211
wv_drag_to WV1 85 244
wv_drag_to WV1 88 260
wv_drag_to WV1 94 307
wv_drag_to WV1 97 357
wv_drag_to WV1 97 401
wv_drag_to WV1 97 412
wv_drag_to WV1 98 455
wv_drag_to WV1 98 464
wv_drag_to WV1 101 505
wv_drag_to WV1 101 514
wv_drag_to WV1 83 556
wv_drag_to WV1 74 565
wv_drag_to WV1 53 564
wv_drop_on WV1
wv_drag_item_to WV1 51 81
wv_select_waveview 1 {tran}
wv_select_wv_item WV1.PANEL14:1.LEGEND
wv_drag_item_to WV1 54 742
wv_drag_enter WV1
wv_drag_to WV1 55 738
wv_drag_to WV1 55 717
wv_drag_to WV1 55 708
wv_drag_to WV1 55 668
wv_drag_to WV1 55 656
wv_drag_to WV1 61 609
wv_drag_to WV1 63 600
wv_drag_to WV1 77 563
wv_drag_to WV1 78 555
wv_drag_to WV1 65 512
wv_drop_on WV1
wv_drag_item_to WV1 55 738
wv_select_waveview 1 {tran}
wv_select_wv_item WV1.PANEL14:1.LEGEND
wv_drag_item_to WV1 55 733
wv_drag_enter WV1
wv_drag_to WV1 61 724
wv_drag_to WV1 63 717
wv_drag_to WV1 66 707
wv_drag_to WV1 78 663
wv_drag_to WV1 79 647
wv_drag_to WV1 81 604
wv_drag_to WV1 81 564
wv_drag_to WV1 81 554
wv_drag_to WV1 79 512
wv_drag_to WV1 67 502
wv_drag_to WV1 54 504
wv_drop_on WV1
wv_drag_item_to WV1 61 724
wv_select_waveview 1 {tran}
wv_select_wv_item WV1.PANEL14:1.LINE1
wv_drag_item_to WV1 53 730
wv_select_line WV1.PANEL14:1.LINE1
wv_drag_enter WV1
wv_drag_to WV1 58 724
wv_drag_to WV1 59 720
wv_drag_to WV1 63 708
wv_drag_to WV1 75 653
wv_drag_to WV1 78 611
wv_drag_to WV1 79 601
wv_drag_to WV1 79 564
wv_drag_to WV1 79 553
wv_drag_to WV1 37 512
wv_drop_on WV1
wv_drag_item_to WV1 53 730
wv_select_waveview 1 {tran}
wv_select_panel WV1.PANEL10:1 6.45963e-08 1.05252
wv_select_waveview 1 {tran}
wv_select_panel WV1.PANEL10:1 2.84585e-08 0.67328
wv_select_waveview 1 {tran}
wv_select_panel WV1.PANEL12:1 3.16206e-08 1.0091
wv_select_waveview 1 {tran}
wv_select_wv_item WV1.PANEL10:1.LEGEND
wv_select_panel WV1.PANEL10:1.LEGEND
wv_press_key Esc 35 695
wv_select_waveview 1 {tran}
wv_select_panel WV1.PANEL8:1 1.51553e-07 0.977273
wv_select_waveview 1 {tran}
wv_select_panel WV1.PANEL7:1 9.77979e-08 0.295455
wv_drag_item_to WV1 562 387
wv_zoom WV1.PANEL7:1 9.77979e-08 0.295455 1.14512e-07 -0.113636
wv_select_waveview 1 {tran}
wv_select_panel WV1.PANEL7:1 1.01882e-07 0.293706
wv_select_waveview 1 {tran}
wv_select_panel WV1.PANEL2:1 9.93743e-08 0.136364
wv_drag_item_to WV1 283 134
wv_zoom WV1.PANEL2:1 9.93743e-08 0.136364 1.02297e-07 -0.386364
wv_select_waveview 1 {tran}
wv_select_panel WV1.PANEL4:1 9.97529e-08 0.681818
wv_drag_item_to WV1 355 213
wv_zoom WV1.PANEL4:1 9.97529e-08 0.681818 1.00247e-07 0.704545
wv_press_key "F" 528 492
wv_select_waveview 1 {tran}
wv_select_wv_item WV1.PANEL1:1.XAXIS1
wv_select_waveview 1 {tran}
wv_select_wv_item WV1.PANEL1:1.XAXIS1
wv_select_waveview 1 {tran}
wv_waveview_context_menu WV1.PANEL1:1.LEGEND
wv_select_waveview 1 {tran}
wv_release_wv_item WV1 184 1
wv_select_waveview 1 {tran}
wv_release_wv_item WV1 349 7
wv_select_waveview 1 {tran}
wv_select_toolbar_item {Custom WaveView} {tran:1} {Vertical Cursor} 
wv_select_waveview 1 {tran}
wv_select_panel WV1.PANEL2:1 1.15226e-07 0.386364
wv_drag_item_to WV1 682 121
wv_zoom_x WV1.PANEL2:1 1.15226e-07 1.04174e-07
wv_press_key "F" 737 300
wv_select_waveview 1 {tran}
wv_select_wv_item WV1.PANEL2:1.CURSOR1
wv_drag_item_to WV1 1045 140
wv_move_wv_item WV1.PANEL2:1.CURSOR1 1429 226
wv_select_window {Custom WaveView} 
wv_select_waveview 1 {tran}
wv_select_wv_item WV1.PANEL9:1.LEGEND
wv_select_panel WV1.PANEL9:1.LEGEND
wv_select_waveview 1 {tran}
wv_select_wv_item WV1.PANEL10:1.LEGEND
wv_select_panel WV1.PANEL10:1.LEGEND
wv_select_waveview 1 {tran}
wv_select_panel WV1.PANEL14:1 1.45797e-08 0.627285
wv_move_wv_item WV1.PANEL14:1.CURSOR1 259 741
wv_select_waveview 1 {tran}
wv_select_panel WV1.PANEL12:1 2.55614e-07 0.10912
wv_move_wv_item WV1.PANEL12:1.CURSOR1 1284 656
wv_close_window {Custom WaveView} 
wv_move_window {Confirmation} {} 868 478
wv_move_window {Confirmation} {} 868 508
wv_select_dialog {Confirmation} 
#wv_press_button {Confirmation} {} {Ok} 
#*WARNING* Can not remove '/home/mpang/.cx_hostport/.cx_hostport_linux400512_30456'.
